[2025-09-04T12:17:44.324+0000] {processor.py:161} INFO - Started process (PID=39) to work on /opt/airflow/dags/dag_do_something.py
[2025-09-04T12:17:44.328+0000] {processor.py:830} INFO - Processing file /opt/airflow/dags/dag_do_something.py for tasks to queue
[2025-09-04T12:17:44.334+0000] {logging_mixin.py:188} INFO - [2025-09-04T12:17:44.334+0000] {dagbag.py:545} INFO - Filling up the DagBag from /opt/airflow/dags/dag_do_something.py
[2025-09-04T12:17:44.347+0000] {processor.py:840} INFO - DAG(s) 'generated_py_do_something' retrieved from /opt/airflow/dags/dag_do_something.py
[2025-09-04T12:17:44.431+0000] {logging_mixin.py:188} INFO - [2025-09-04T12:17:44.431+0000] {dag.py:3096} INFO - Sync 1 DAGs
[2025-09-04T12:17:44.454+0000] {processor.py:183} INFO - Processing /opt/airflow/dags/dag_do_something.py took 0.134 seconds
[2025-09-04T12:18:52.343+0000] {processor.py:161} INFO - Started process (PID=39) to work on /opt/airflow/dags/dag_do_something.py
[2025-09-04T12:18:52.344+0000] {processor.py:830} INFO - Processing file /opt/airflow/dags/dag_do_something.py for tasks to queue
[2025-09-04T12:18:52.347+0000] {logging_mixin.py:188} INFO - [2025-09-04T12:18:52.347+0000] {dagbag.py:545} INFO - Filling up the DagBag from /opt/airflow/dags/dag_do_something.py
[2025-09-04T12:18:52.386+0000] {processor.py:840} INFO - DAG(s) 'generated_py_do_something' retrieved from /opt/airflow/dags/dag_do_something.py
[2025-09-04T12:18:52.545+0000] {logging_mixin.py:188} INFO - [2025-09-04T12:18:52.545+0000] {dag.py:3096} INFO - Sync 1 DAGs
[2025-09-04T12:18:52.561+0000] {processor.py:183} INFO - Processing /opt/airflow/dags/dag_do_something.py took 0.230 seconds
[2025-09-04T12:19:22.685+0000] {processor.py:161} INFO - Started process (PID=47) to work on /opt/airflow/dags/dag_do_something.py
[2025-09-04T12:19:22.685+0000] {processor.py:830} INFO - Processing file /opt/airflow/dags/dag_do_something.py for tasks to queue
[2025-09-04T12:19:22.689+0000] {logging_mixin.py:188} INFO - [2025-09-04T12:19:22.688+0000] {dagbag.py:545} INFO - Filling up the DagBag from /opt/airflow/dags/dag_do_something.py
[2025-09-04T12:19:22.699+0000] {processor.py:840} INFO - DAG(s) 'generated_py_do_something' retrieved from /opt/airflow/dags/dag_do_something.py
[2025-09-04T12:19:22.723+0000] {logging_mixin.py:188} INFO - [2025-09-04T12:19:22.722+0000] {dag.py:3096} INFO - Sync 1 DAGs
[2025-09-04T12:19:22.731+0000] {logging_mixin.py:188} INFO - [2025-09-04T12:19:22.731+0000] {dag.py:3954} INFO - Setting next_dagrun for generated_py_do_something to 2025-09-04 00:00:00+00:00, run_after=2025-09-05 00:00:00+00:00
[2025-09-04T12:19:22.737+0000] {processor.py:183} INFO - Processing /opt/airflow/dags/dag_do_something.py took 0.067 seconds
[2025-09-04T12:19:53.003+0000] {processor.py:161} INFO - Started process (PID=55) to work on /opt/airflow/dags/dag_do_something.py
[2025-09-04T12:19:53.004+0000] {processor.py:830} INFO - Processing file /opt/airflow/dags/dag_do_something.py for tasks to queue
[2025-09-04T12:19:53.005+0000] {logging_mixin.py:188} INFO - [2025-09-04T12:19:53.005+0000] {dagbag.py:545} INFO - Filling up the DagBag from /opt/airflow/dags/dag_do_something.py
[2025-09-04T12:19:53.019+0000] {processor.py:840} INFO - DAG(s) 'generated_py_do_something' retrieved from /opt/airflow/dags/dag_do_something.py
[2025-09-04T12:19:53.037+0000] {logging_mixin.py:188} INFO - [2025-09-04T12:19:53.037+0000] {dag.py:3096} INFO - Sync 1 DAGs
[2025-09-04T12:19:53.046+0000] {logging_mixin.py:188} INFO - [2025-09-04T12:19:53.045+0000] {dag.py:3954} INFO - Setting next_dagrun for generated_py_do_something to 2025-09-04 00:00:00+00:00, run_after=2025-09-05 00:00:00+00:00
[2025-09-04T12:19:53.052+0000] {processor.py:183} INFO - Processing /opt/airflow/dags/dag_do_something.py took 0.054 seconds
[2025-09-04T12:20:23.341+0000] {processor.py:161} INFO - Started process (PID=69) to work on /opt/airflow/dags/dag_do_something.py
[2025-09-04T12:20:23.342+0000] {processor.py:830} INFO - Processing file /opt/airflow/dags/dag_do_something.py for tasks to queue
[2025-09-04T12:20:23.344+0000] {logging_mixin.py:188} INFO - [2025-09-04T12:20:23.343+0000] {dagbag.py:545} INFO - Filling up the DagBag from /opt/airflow/dags/dag_do_something.py
[2025-09-04T12:20:23.365+0000] {processor.py:840} INFO - DAG(s) 'generated_py_do_something' retrieved from /opt/airflow/dags/dag_do_something.py
[2025-09-04T12:20:23.390+0000] {logging_mixin.py:188} INFO - [2025-09-04T12:20:23.390+0000] {dag.py:3096} INFO - Sync 1 DAGs
[2025-09-04T12:20:23.399+0000] {logging_mixin.py:188} INFO - [2025-09-04T12:20:23.399+0000] {dag.py:3954} INFO - Setting next_dagrun for generated_py_do_something to 2025-09-04 00:00:00+00:00, run_after=2025-09-05 00:00:00+00:00
[2025-09-04T12:20:23.406+0000] {processor.py:183} INFO - Processing /opt/airflow/dags/dag_do_something.py took 0.075 seconds
[2025-09-04T12:20:53.691+0000] {processor.py:161} INFO - Started process (PID=77) to work on /opt/airflow/dags/dag_do_something.py
[2025-09-04T12:20:53.692+0000] {processor.py:830} INFO - Processing file /opt/airflow/dags/dag_do_something.py for tasks to queue
[2025-09-04T12:20:53.693+0000] {logging_mixin.py:188} INFO - [2025-09-04T12:20:53.693+0000] {dagbag.py:545} INFO - Filling up the DagBag from /opt/airflow/dags/dag_do_something.py
[2025-09-04T12:20:53.705+0000] {processor.py:840} INFO - DAG(s) 'generated_py_do_something' retrieved from /opt/airflow/dags/dag_do_something.py
[2025-09-04T12:20:53.727+0000] {logging_mixin.py:188} INFO - [2025-09-04T12:20:53.727+0000] {dag.py:3096} INFO - Sync 1 DAGs
[2025-09-04T12:20:53.736+0000] {logging_mixin.py:188} INFO - [2025-09-04T12:20:53.736+0000] {dag.py:3954} INFO - Setting next_dagrun for generated_py_do_something to 2025-09-04 00:00:00+00:00, run_after=2025-09-05 00:00:00+00:00
[2025-09-04T12:20:53.742+0000] {processor.py:183} INFO - Processing /opt/airflow/dags/dag_do_something.py took 0.054 seconds
[2025-09-04T12:53:57.274+0000] {processor.py:161} INFO - Started process (PID=529) to work on /opt/airflow/dags/dag_do_something.py
[2025-09-04T12:53:57.275+0000] {processor.py:830} INFO - Processing file /opt/airflow/dags/dag_do_something.py for tasks to queue
[2025-09-04T12:53:57.276+0000] {logging_mixin.py:188} INFO - [2025-09-04T12:53:57.276+0000] {dagbag.py:545} INFO - Filling up the DagBag from /opt/airflow/dags/dag_do_something.py
[2025-09-04T12:53:57.297+0000] {processor.py:840} INFO - DAG(s) 'generated_py_do_something' retrieved from /opt/airflow/dags/dag_do_something.py
[2025-09-04T12:53:57.364+0000] {logging_mixin.py:188} INFO - [2025-09-04T12:53:57.363+0000] {dag.py:3096} INFO - Sync 1 DAGs
[2025-09-04T12:53:57.513+0000] {logging_mixin.py:188} INFO - [2025-09-04T12:53:57.513+0000] {dag.py:3954} INFO - Setting next_dagrun for generated_py_do_something to 2025-09-04 00:00:00+00:00, run_after=2025-09-05 00:00:00+00:00
[2025-09-04T12:53:57.523+0000] {processor.py:183} INFO - Processing /opt/airflow/dags/dag_do_something.py took 0.254 seconds
[2025-09-04T12:54:27.822+0000] {processor.py:161} INFO - Started process (PID=544) to work on /opt/airflow/dags/dag_do_something.py
[2025-09-04T12:54:27.823+0000] {processor.py:830} INFO - Processing file /opt/airflow/dags/dag_do_something.py for tasks to queue
[2025-09-04T12:54:27.824+0000] {logging_mixin.py:188} INFO - [2025-09-04T12:54:27.824+0000] {dagbag.py:545} INFO - Filling up the DagBag from /opt/airflow/dags/dag_do_something.py
[2025-09-04T12:54:27.839+0000] {processor.py:840} INFO - DAG(s) 'generated_py_do_something' retrieved from /opt/airflow/dags/dag_do_something.py
[2025-09-04T12:54:27.855+0000] {logging_mixin.py:188} INFO - [2025-09-04T12:54:27.855+0000] {dag.py:3096} INFO - Sync 1 DAGs
[2025-09-04T12:54:27.866+0000] {logging_mixin.py:188} INFO - [2025-09-04T12:54:27.866+0000] {dag.py:3954} INFO - Setting next_dagrun for generated_py_do_something to 2025-09-04 00:00:00+00:00, run_after=2025-09-05 00:00:00+00:00
[2025-09-04T12:54:27.876+0000] {processor.py:183} INFO - Processing /opt/airflow/dags/dag_do_something.py took 0.060 seconds
[2025-09-04T12:54:58.153+0000] {processor.py:161} INFO - Started process (PID=553) to work on /opt/airflow/dags/dag_do_something.py
[2025-09-04T12:54:58.155+0000] {processor.py:830} INFO - Processing file /opt/airflow/dags/dag_do_something.py for tasks to queue
[2025-09-04T12:54:58.156+0000] {logging_mixin.py:188} INFO - [2025-09-04T12:54:58.156+0000] {dagbag.py:545} INFO - Filling up the DagBag from /opt/airflow/dags/dag_do_something.py
[2025-09-04T12:54:58.173+0000] {processor.py:840} INFO - DAG(s) 'generated_py_do_something' retrieved from /opt/airflow/dags/dag_do_something.py
[2025-09-04T12:54:58.191+0000] {logging_mixin.py:188} INFO - [2025-09-04T12:54:58.191+0000] {dag.py:3096} INFO - Sync 1 DAGs
[2025-09-04T12:54:58.202+0000] {logging_mixin.py:188} INFO - [2025-09-04T12:54:58.202+0000] {dag.py:3954} INFO - Setting next_dagrun for generated_py_do_something to 2025-09-04 00:00:00+00:00, run_after=2025-09-05 00:00:00+00:00
[2025-09-04T12:54:58.210+0000] {processor.py:183} INFO - Processing /opt/airflow/dags/dag_do_something.py took 0.063 seconds
[2025-09-04T12:55:28.565+0000] {processor.py:161} INFO - Started process (PID=562) to work on /opt/airflow/dags/dag_do_something.py
[2025-09-04T12:55:28.567+0000] {processor.py:830} INFO - Processing file /opt/airflow/dags/dag_do_something.py for tasks to queue
[2025-09-04T12:55:28.572+0000] {logging_mixin.py:188} INFO - [2025-09-04T12:55:28.571+0000] {dagbag.py:545} INFO - Filling up the DagBag from /opt/airflow/dags/dag_do_something.py
[2025-09-04T12:55:28.602+0000] {processor.py:840} INFO - DAG(s) 'generated_py_do_something' retrieved from /opt/airflow/dags/dag_do_something.py
[2025-09-04T12:55:28.637+0000] {logging_mixin.py:188} INFO - [2025-09-04T12:55:28.637+0000] {dag.py:3096} INFO - Sync 1 DAGs
[2025-09-04T12:55:28.657+0000] {logging_mixin.py:188} INFO - [2025-09-04T12:55:28.657+0000] {dag.py:3954} INFO - Setting next_dagrun for generated_py_do_something to 2025-09-04 00:00:00+00:00, run_after=2025-09-05 00:00:00+00:00
[2025-09-04T12:55:28.670+0000] {processor.py:183} INFO - Processing /opt/airflow/dags/dag_do_something.py took 0.114 seconds
[2025-09-04T12:55:58.927+0000] {processor.py:161} INFO - Started process (PID=571) to work on /opt/airflow/dags/dag_do_something.py
[2025-09-04T12:55:58.928+0000] {processor.py:830} INFO - Processing file /opt/airflow/dags/dag_do_something.py for tasks to queue
[2025-09-04T12:55:58.929+0000] {logging_mixin.py:188} INFO - [2025-09-04T12:55:58.929+0000] {dagbag.py:545} INFO - Filling up the DagBag from /opt/airflow/dags/dag_do_something.py
[2025-09-04T12:55:58.945+0000] {processor.py:840} INFO - DAG(s) 'generated_py_do_something' retrieved from /opt/airflow/dags/dag_do_something.py
[2025-09-04T12:55:58.965+0000] {logging_mixin.py:188} INFO - [2025-09-04T12:55:58.965+0000] {dag.py:3096} INFO - Sync 1 DAGs
[2025-09-04T12:55:58.979+0000] {logging_mixin.py:188} INFO - [2025-09-04T12:55:58.979+0000] {dag.py:3954} INFO - Setting next_dagrun for generated_py_do_something to 2025-09-04 00:00:00+00:00, run_after=2025-09-05 00:00:00+00:00
[2025-09-04T12:55:58.991+0000] {processor.py:183} INFO - Processing /opt/airflow/dags/dag_do_something.py took 0.069 seconds
[2025-09-04T12:56:29.302+0000] {processor.py:161} INFO - Started process (PID=580) to work on /opt/airflow/dags/dag_do_something.py
[2025-09-04T12:56:29.304+0000] {processor.py:830} INFO - Processing file /opt/airflow/dags/dag_do_something.py for tasks to queue
[2025-09-04T12:56:29.305+0000] {logging_mixin.py:188} INFO - [2025-09-04T12:56:29.304+0000] {dagbag.py:545} INFO - Filling up the DagBag from /opt/airflow/dags/dag_do_something.py
[2025-09-04T12:56:29.323+0000] {processor.py:840} INFO - DAG(s) 'generated_py_do_something' retrieved from /opt/airflow/dags/dag_do_something.py
[2025-09-04T12:56:29.351+0000] {logging_mixin.py:188} INFO - [2025-09-04T12:56:29.350+0000] {dag.py:3096} INFO - Sync 1 DAGs
[2025-09-04T12:56:29.365+0000] {logging_mixin.py:188} INFO - [2025-09-04T12:56:29.365+0000] {dag.py:3954} INFO - Setting next_dagrun for generated_py_do_something to 2025-09-04 00:00:00+00:00, run_after=2025-09-05 00:00:00+00:00
[2025-09-04T12:56:29.376+0000] {processor.py:183} INFO - Processing /opt/airflow/dags/dag_do_something.py took 0.081 seconds
[2025-09-04T12:56:59.733+0000] {processor.py:161} INFO - Started process (PID=589) to work on /opt/airflow/dags/dag_do_something.py
[2025-09-04T12:56:59.735+0000] {processor.py:830} INFO - Processing file /opt/airflow/dags/dag_do_something.py for tasks to queue
[2025-09-04T12:56:59.736+0000] {logging_mixin.py:188} INFO - [2025-09-04T12:56:59.736+0000] {dagbag.py:545} INFO - Filling up the DagBag from /opt/airflow/dags/dag_do_something.py
[2025-09-04T12:56:59.757+0000] {processor.py:840} INFO - DAG(s) 'generated_py_do_something' retrieved from /opt/airflow/dags/dag_do_something.py
[2025-09-04T12:56:59.779+0000] {logging_mixin.py:188} INFO - [2025-09-04T12:56:59.779+0000] {dag.py:3096} INFO - Sync 1 DAGs
[2025-09-04T12:56:59.792+0000] {logging_mixin.py:188} INFO - [2025-09-04T12:56:59.792+0000] {dag.py:3954} INFO - Setting next_dagrun for generated_py_do_something to 2025-09-04 00:00:00+00:00, run_after=2025-09-05 00:00:00+00:00
[2025-09-04T12:56:59.801+0000] {processor.py:183} INFO - Processing /opt/airflow/dags/dag_do_something.py took 0.077 seconds
[2025-09-04T12:57:30.045+0000] {processor.py:161} INFO - Started process (PID=598) to work on /opt/airflow/dags/dag_do_something.py
[2025-09-04T12:57:30.046+0000] {processor.py:830} INFO - Processing file /opt/airflow/dags/dag_do_something.py for tasks to queue
[2025-09-04T12:57:30.048+0000] {logging_mixin.py:188} INFO - [2025-09-04T12:57:30.048+0000] {dagbag.py:545} INFO - Filling up the DagBag from /opt/airflow/dags/dag_do_something.py
[2025-09-04T12:57:30.067+0000] {processor.py:840} INFO - DAG(s) 'generated_py_do_something' retrieved from /opt/airflow/dags/dag_do_something.py
[2025-09-04T12:57:30.093+0000] {logging_mixin.py:188} INFO - [2025-09-04T12:57:30.092+0000] {dag.py:3096} INFO - Sync 1 DAGs
[2025-09-04T12:57:30.104+0000] {logging_mixin.py:188} INFO - [2025-09-04T12:57:30.104+0000] {dag.py:3954} INFO - Setting next_dagrun for generated_py_do_something to 2025-09-04 00:00:00+00:00, run_after=2025-09-05 00:00:00+00:00
[2025-09-04T12:57:30.114+0000] {processor.py:183} INFO - Processing /opt/airflow/dags/dag_do_something.py took 0.075 seconds
[2025-09-04T12:58:00.357+0000] {processor.py:161} INFO - Started process (PID=607) to work on /opt/airflow/dags/dag_do_something.py
[2025-09-04T12:58:00.359+0000] {processor.py:830} INFO - Processing file /opt/airflow/dags/dag_do_something.py for tasks to queue
[2025-09-04T12:58:00.360+0000] {logging_mixin.py:188} INFO - [2025-09-04T12:58:00.359+0000] {dagbag.py:545} INFO - Filling up the DagBag from /opt/airflow/dags/dag_do_something.py
[2025-09-04T12:58:00.383+0000] {processor.py:840} INFO - DAG(s) 'generated_py_do_something' retrieved from /opt/airflow/dags/dag_do_something.py
[2025-09-04T12:58:00.411+0000] {logging_mixin.py:188} INFO - [2025-09-04T12:58:00.411+0000] {dag.py:3096} INFO - Sync 1 DAGs
[2025-09-04T12:58:00.427+0000] {logging_mixin.py:188} INFO - [2025-09-04T12:58:00.427+0000] {dag.py:3954} INFO - Setting next_dagrun for generated_py_do_something to 2025-09-04 00:00:00+00:00, run_after=2025-09-05 00:00:00+00:00
[2025-09-04T12:58:00.438+0000] {processor.py:183} INFO - Processing /opt/airflow/dags/dag_do_something.py took 0.088 seconds
[2025-09-04T12:58:30.640+0000] {processor.py:161} INFO - Started process (PID=616) to work on /opt/airflow/dags/dag_do_something.py
[2025-09-04T12:58:30.641+0000] {processor.py:830} INFO - Processing file /opt/airflow/dags/dag_do_something.py for tasks to queue
[2025-09-04T12:58:30.642+0000] {logging_mixin.py:188} INFO - [2025-09-04T12:58:30.642+0000] {dagbag.py:545} INFO - Filling up the DagBag from /opt/airflow/dags/dag_do_something.py
[2025-09-04T12:58:30.660+0000] {processor.py:840} INFO - DAG(s) 'generated_py_do_something' retrieved from /opt/airflow/dags/dag_do_something.py
[2025-09-04T12:58:30.689+0000] {logging_mixin.py:188} INFO - [2025-09-04T12:58:30.689+0000] {dag.py:3096} INFO - Sync 1 DAGs
[2025-09-04T12:58:30.710+0000] {logging_mixin.py:188} INFO - [2025-09-04T12:58:30.709+0000] {dag.py:3954} INFO - Setting next_dagrun for generated_py_do_something to 2025-09-04 00:00:00+00:00, run_after=2025-09-05 00:00:00+00:00
[2025-09-04T12:58:30.728+0000] {processor.py:183} INFO - Processing /opt/airflow/dags/dag_do_something.py took 0.094 seconds
[2025-09-04T12:59:00.893+0000] {processor.py:161} INFO - Started process (PID=625) to work on /opt/airflow/dags/dag_do_something.py
[2025-09-04T12:59:00.894+0000] {processor.py:830} INFO - Processing file /opt/airflow/dags/dag_do_something.py for tasks to queue
[2025-09-04T12:59:00.894+0000] {logging_mixin.py:188} INFO - [2025-09-04T12:59:00.894+0000] {dagbag.py:545} INFO - Filling up the DagBag from /opt/airflow/dags/dag_do_something.py
[2025-09-04T12:59:00.919+0000] {processor.py:840} INFO - DAG(s) 'generated_py_do_something' retrieved from /opt/airflow/dags/dag_do_something.py
[2025-09-04T12:59:00.939+0000] {logging_mixin.py:188} INFO - [2025-09-04T12:59:00.939+0000] {dag.py:3096} INFO - Sync 1 DAGs
[2025-09-04T12:59:00.954+0000] {logging_mixin.py:188} INFO - [2025-09-04T12:59:00.954+0000] {dag.py:3954} INFO - Setting next_dagrun for generated_py_do_something to 2025-09-04 00:00:00+00:00, run_after=2025-09-05 00:00:00+00:00
[2025-09-04T12:59:00.963+0000] {processor.py:183} INFO - Processing /opt/airflow/dags/dag_do_something.py took 0.080 seconds
[2025-09-04T12:59:31.266+0000] {processor.py:161} INFO - Started process (PID=634) to work on /opt/airflow/dags/dag_do_something.py
[2025-09-04T12:59:31.268+0000] {processor.py:830} INFO - Processing file /opt/airflow/dags/dag_do_something.py for tasks to queue
[2025-09-04T12:59:31.270+0000] {logging_mixin.py:188} INFO - [2025-09-04T12:59:31.270+0000] {dagbag.py:545} INFO - Filling up the DagBag from /opt/airflow/dags/dag_do_something.py
[2025-09-04T12:59:31.289+0000] {processor.py:840} INFO - DAG(s) 'generated_py_do_something' retrieved from /opt/airflow/dags/dag_do_something.py
[2025-09-04T12:59:31.312+0000] {logging_mixin.py:188} INFO - [2025-09-04T12:59:31.311+0000] {dag.py:3096} INFO - Sync 1 DAGs
[2025-09-04T12:59:31.327+0000] {logging_mixin.py:188} INFO - [2025-09-04T12:59:31.327+0000] {dag.py:3954} INFO - Setting next_dagrun for generated_py_do_something to 2025-09-04 00:00:00+00:00, run_after=2025-09-05 00:00:00+00:00
[2025-09-04T12:59:31.339+0000] {processor.py:183} INFO - Processing /opt/airflow/dags/dag_do_something.py took 0.081 seconds
[2025-09-04T13:00:01.682+0000] {processor.py:161} INFO - Started process (PID=643) to work on /opt/airflow/dags/dag_do_something.py
[2025-09-04T13:00:01.684+0000] {processor.py:830} INFO - Processing file /opt/airflow/dags/dag_do_something.py for tasks to queue
[2025-09-04T13:00:01.686+0000] {logging_mixin.py:188} INFO - [2025-09-04T13:00:01.686+0000] {dagbag.py:545} INFO - Filling up the DagBag from /opt/airflow/dags/dag_do_something.py
[2025-09-04T13:00:01.703+0000] {processor.py:840} INFO - DAG(s) 'generated_py_do_something' retrieved from /opt/airflow/dags/dag_do_something.py
[2025-09-04T13:00:01.734+0000] {logging_mixin.py:188} INFO - [2025-09-04T13:00:01.734+0000] {dag.py:3096} INFO - Sync 1 DAGs
[2025-09-04T13:00:01.751+0000] {logging_mixin.py:188} INFO - [2025-09-04T13:00:01.751+0000] {dag.py:3954} INFO - Setting next_dagrun for generated_py_do_something to 2025-09-04 00:00:00+00:00, run_after=2025-09-05 00:00:00+00:00
[2025-09-04T13:00:01.764+0000] {processor.py:183} INFO - Processing /opt/airflow/dags/dag_do_something.py took 0.089 seconds
[2025-09-04T13:00:32.102+0000] {processor.py:161} INFO - Started process (PID=652) to work on /opt/airflow/dags/dag_do_something.py
[2025-09-04T13:00:32.107+0000] {processor.py:830} INFO - Processing file /opt/airflow/dags/dag_do_something.py for tasks to queue
[2025-09-04T13:00:32.108+0000] {logging_mixin.py:188} INFO - [2025-09-04T13:00:32.107+0000] {dagbag.py:545} INFO - Filling up the DagBag from /opt/airflow/dags/dag_do_something.py
[2025-09-04T13:00:32.151+0000] {processor.py:840} INFO - DAG(s) 'generated_py_do_something' retrieved from /opt/airflow/dags/dag_do_something.py
[2025-09-04T13:00:32.199+0000] {logging_mixin.py:188} INFO - [2025-09-04T13:00:32.199+0000] {dag.py:3096} INFO - Sync 1 DAGs
[2025-09-04T13:00:32.213+0000] {logging_mixin.py:188} INFO - [2025-09-04T13:00:32.213+0000] {dag.py:3954} INFO - Setting next_dagrun for generated_py_do_something to 2025-09-04 00:00:00+00:00, run_after=2025-09-05 00:00:00+00:00
[2025-09-04T13:00:32.224+0000] {processor.py:183} INFO - Processing /opt/airflow/dags/dag_do_something.py took 0.135 seconds
[2025-09-04T13:01:02.433+0000] {processor.py:161} INFO - Started process (PID=661) to work on /opt/airflow/dags/dag_do_something.py
[2025-09-04T13:01:02.435+0000] {processor.py:830} INFO - Processing file /opt/airflow/dags/dag_do_something.py for tasks to queue
[2025-09-04T13:01:02.437+0000] {logging_mixin.py:188} INFO - [2025-09-04T13:01:02.436+0000] {dagbag.py:545} INFO - Filling up the DagBag from /opt/airflow/dags/dag_do_something.py
[2025-09-04T13:01:02.455+0000] {processor.py:840} INFO - DAG(s) 'generated_py_do_something' retrieved from /opt/airflow/dags/dag_do_something.py
[2025-09-04T13:01:02.483+0000] {logging_mixin.py:188} INFO - [2025-09-04T13:01:02.483+0000] {dag.py:3096} INFO - Sync 1 DAGs
[2025-09-04T13:01:02.499+0000] {logging_mixin.py:188} INFO - [2025-09-04T13:01:02.499+0000] {dag.py:3954} INFO - Setting next_dagrun for generated_py_do_something to 2025-09-04 00:00:00+00:00, run_after=2025-09-05 00:00:00+00:00
[2025-09-04T13:01:02.513+0000] {processor.py:183} INFO - Processing /opt/airflow/dags/dag_do_something.py took 0.088 seconds
[2025-09-04T13:01:32.898+0000] {processor.py:161} INFO - Started process (PID=670) to work on /opt/airflow/dags/dag_do_something.py
[2025-09-04T13:01:32.903+0000] {processor.py:830} INFO - Processing file /opt/airflow/dags/dag_do_something.py for tasks to queue
[2025-09-04T13:01:32.904+0000] {logging_mixin.py:188} INFO - [2025-09-04T13:01:32.904+0000] {dagbag.py:545} INFO - Filling up the DagBag from /opt/airflow/dags/dag_do_something.py
[2025-09-04T13:01:32.930+0000] {processor.py:840} INFO - DAG(s) 'generated_py_do_something' retrieved from /opt/airflow/dags/dag_do_something.py
[2025-09-04T13:01:32.966+0000] {logging_mixin.py:188} INFO - [2025-09-04T13:01:32.966+0000] {dag.py:3096} INFO - Sync 1 DAGs
[2025-09-04T13:01:32.987+0000] {logging_mixin.py:188} INFO - [2025-09-04T13:01:32.987+0000] {dag.py:3954} INFO - Setting next_dagrun for generated_py_do_something to 2025-09-04 00:00:00+00:00, run_after=2025-09-05 00:00:00+00:00
[2025-09-04T13:01:33.001+0000] {processor.py:183} INFO - Processing /opt/airflow/dags/dag_do_something.py took 0.116 seconds
[2025-09-04T13:02:03.477+0000] {processor.py:161} INFO - Started process (PID=679) to work on /opt/airflow/dags/dag_do_something.py
[2025-09-04T13:02:03.479+0000] {processor.py:830} INFO - Processing file /opt/airflow/dags/dag_do_something.py for tasks to queue
[2025-09-04T13:02:03.481+0000] {logging_mixin.py:188} INFO - [2025-09-04T13:02:03.480+0000] {dagbag.py:545} INFO - Filling up the DagBag from /opt/airflow/dags/dag_do_something.py
[2025-09-04T13:02:03.507+0000] {processor.py:840} INFO - DAG(s) 'generated_py_do_something' retrieved from /opt/airflow/dags/dag_do_something.py
[2025-09-04T13:02:03.543+0000] {logging_mixin.py:188} INFO - [2025-09-04T13:02:03.543+0000] {dag.py:3096} INFO - Sync 1 DAGs
[2025-09-04T13:02:03.562+0000] {logging_mixin.py:188} INFO - [2025-09-04T13:02:03.562+0000] {dag.py:3954} INFO - Setting next_dagrun for generated_py_do_something to 2025-09-04 00:00:00+00:00, run_after=2025-09-05 00:00:00+00:00
[2025-09-04T13:02:03.574+0000] {processor.py:183} INFO - Processing /opt/airflow/dags/dag_do_something.py took 0.105 seconds
[2025-09-04T13:02:33.902+0000] {processor.py:161} INFO - Started process (PID=688) to work on /opt/airflow/dags/dag_do_something.py
[2025-09-04T13:02:33.903+0000] {processor.py:830} INFO - Processing file /opt/airflow/dags/dag_do_something.py for tasks to queue
[2025-09-04T13:02:33.906+0000] {logging_mixin.py:188} INFO - [2025-09-04T13:02:33.904+0000] {dagbag.py:545} INFO - Filling up the DagBag from /opt/airflow/dags/dag_do_something.py
[2025-09-04T13:02:33.931+0000] {processor.py:840} INFO - DAG(s) 'generated_py_do_something' retrieved from /opt/airflow/dags/dag_do_something.py
[2025-09-04T13:02:33.965+0000] {logging_mixin.py:188} INFO - [2025-09-04T13:02:33.965+0000] {dag.py:3096} INFO - Sync 1 DAGs
[2025-09-04T13:02:33.983+0000] {logging_mixin.py:188} INFO - [2025-09-04T13:02:33.983+0000] {dag.py:3954} INFO - Setting next_dagrun for generated_py_do_something to 2025-09-04 00:00:00+00:00, run_after=2025-09-05 00:00:00+00:00
[2025-09-04T13:02:33.996+0000] {processor.py:183} INFO - Processing /opt/airflow/dags/dag_do_something.py took 0.103 seconds
[2025-09-04T13:03:04.219+0000] {processor.py:161} INFO - Started process (PID=697) to work on /opt/airflow/dags/dag_do_something.py
[2025-09-04T13:03:04.221+0000] {processor.py:830} INFO - Processing file /opt/airflow/dags/dag_do_something.py for tasks to queue
[2025-09-04T13:03:04.222+0000] {logging_mixin.py:188} INFO - [2025-09-04T13:03:04.222+0000] {dagbag.py:545} INFO - Filling up the DagBag from /opt/airflow/dags/dag_do_something.py
[2025-09-04T13:03:04.244+0000] {processor.py:840} INFO - DAG(s) 'generated_py_do_something' retrieved from /opt/airflow/dags/dag_do_something.py
[2025-09-04T13:03:04.274+0000] {logging_mixin.py:188} INFO - [2025-09-04T13:03:04.274+0000] {dag.py:3096} INFO - Sync 1 DAGs
[2025-09-04T13:03:04.286+0000] {logging_mixin.py:188} INFO - [2025-09-04T13:03:04.286+0000] {dag.py:3954} INFO - Setting next_dagrun for generated_py_do_something to 2025-09-04 00:00:00+00:00, run_after=2025-09-05 00:00:00+00:00
[2025-09-04T13:03:04.294+0000] {processor.py:183} INFO - Processing /opt/airflow/dags/dag_do_something.py took 0.085 seconds
[2025-09-04T13:03:34.640+0000] {processor.py:161} INFO - Started process (PID=706) to work on /opt/airflow/dags/dag_do_something.py
[2025-09-04T13:03:34.643+0000] {processor.py:830} INFO - Processing file /opt/airflow/dags/dag_do_something.py for tasks to queue
[2025-09-04T13:03:34.644+0000] {logging_mixin.py:188} INFO - [2025-09-04T13:03:34.643+0000] {dagbag.py:545} INFO - Filling up the DagBag from /opt/airflow/dags/dag_do_something.py
[2025-09-04T13:03:34.660+0000] {processor.py:840} INFO - DAG(s) 'generated_py_do_something' retrieved from /opt/airflow/dags/dag_do_something.py
[2025-09-04T13:03:34.684+0000] {logging_mixin.py:188} INFO - [2025-09-04T13:03:34.683+0000] {dag.py:3096} INFO - Sync 1 DAGs
[2025-09-04T13:03:34.702+0000] {logging_mixin.py:188} INFO - [2025-09-04T13:03:34.702+0000] {dag.py:3954} INFO - Setting next_dagrun for generated_py_do_something to 2025-09-04 00:00:00+00:00, run_after=2025-09-05 00:00:00+00:00
[2025-09-04T13:03:34.715+0000] {processor.py:183} INFO - Processing /opt/airflow/dags/dag_do_something.py took 0.081 seconds
[2025-09-04T13:04:05.062+0000] {processor.py:161} INFO - Started process (PID=715) to work on /opt/airflow/dags/dag_do_something.py
[2025-09-04T13:04:05.064+0000] {processor.py:830} INFO - Processing file /opt/airflow/dags/dag_do_something.py for tasks to queue
[2025-09-04T13:04:05.065+0000] {logging_mixin.py:188} INFO - [2025-09-04T13:04:05.065+0000] {dagbag.py:545} INFO - Filling up the DagBag from /opt/airflow/dags/dag_do_something.py
[2025-09-04T13:04:05.079+0000] {processor.py:840} INFO - DAG(s) 'generated_py_do_something' retrieved from /opt/airflow/dags/dag_do_something.py
[2025-09-04T13:04:05.095+0000] {logging_mixin.py:188} INFO - [2025-09-04T13:04:05.095+0000] {dag.py:3096} INFO - Sync 1 DAGs
[2025-09-04T13:04:05.106+0000] {logging_mixin.py:188} INFO - [2025-09-04T13:04:05.106+0000] {dag.py:3954} INFO - Setting next_dagrun for generated_py_do_something to 2025-09-04 00:00:00+00:00, run_after=2025-09-05 00:00:00+00:00
[2025-09-04T13:04:05.119+0000] {processor.py:183} INFO - Processing /opt/airflow/dags/dag_do_something.py took 0.062 seconds
[2025-09-04T13:04:35.516+0000] {processor.py:161} INFO - Started process (PID=724) to work on /opt/airflow/dags/dag_do_something.py
[2025-09-04T13:04:35.518+0000] {processor.py:830} INFO - Processing file /opt/airflow/dags/dag_do_something.py for tasks to queue
[2025-09-04T13:04:35.520+0000] {logging_mixin.py:188} INFO - [2025-09-04T13:04:35.519+0000] {dagbag.py:545} INFO - Filling up the DagBag from /opt/airflow/dags/dag_do_something.py
[2025-09-04T13:04:35.535+0000] {processor.py:840} INFO - DAG(s) 'generated_py_do_something' retrieved from /opt/airflow/dags/dag_do_something.py
[2025-09-04T13:04:35.558+0000] {logging_mixin.py:188} INFO - [2025-09-04T13:04:35.558+0000] {dag.py:3096} INFO - Sync 1 DAGs
[2025-09-04T13:04:35.570+0000] {logging_mixin.py:188} INFO - [2025-09-04T13:04:35.570+0000] {dag.py:3954} INFO - Setting next_dagrun for generated_py_do_something to 2025-09-04 00:00:00+00:00, run_after=2025-09-05 00:00:00+00:00
[2025-09-04T13:04:35.581+0000] {processor.py:183} INFO - Processing /opt/airflow/dags/dag_do_something.py took 0.069 seconds
[2025-09-04T13:05:05.967+0000] {processor.py:161} INFO - Started process (PID=732) to work on /opt/airflow/dags/dag_do_something.py
[2025-09-04T13:05:05.969+0000] {processor.py:830} INFO - Processing file /opt/airflow/dags/dag_do_something.py for tasks to queue
[2025-09-04T13:05:05.971+0000] {logging_mixin.py:188} INFO - [2025-09-04T13:05:05.971+0000] {dagbag.py:545} INFO - Filling up the DagBag from /opt/airflow/dags/dag_do_something.py
[2025-09-04T13:05:05.988+0000] {processor.py:840} INFO - DAG(s) 'generated_py_do_something' retrieved from /opt/airflow/dags/dag_do_something.py
[2025-09-04T13:05:06.009+0000] {logging_mixin.py:188} INFO - [2025-09-04T13:05:06.009+0000] {dag.py:3096} INFO - Sync 1 DAGs
[2025-09-04T13:05:06.021+0000] {logging_mixin.py:188} INFO - [2025-09-04T13:05:06.021+0000] {dag.py:3954} INFO - Setting next_dagrun for generated_py_do_something to 2025-09-04 00:00:00+00:00, run_after=2025-09-05 00:00:00+00:00
[2025-09-04T13:05:06.030+0000] {processor.py:183} INFO - Processing /opt/airflow/dags/dag_do_something.py took 0.070 seconds
[2025-09-04T13:05:36.428+0000] {processor.py:161} INFO - Started process (PID=741) to work on /opt/airflow/dags/dag_do_something.py
[2025-09-04T13:05:36.430+0000] {processor.py:830} INFO - Processing file /opt/airflow/dags/dag_do_something.py for tasks to queue
[2025-09-04T13:05:36.431+0000] {logging_mixin.py:188} INFO - [2025-09-04T13:05:36.431+0000] {dagbag.py:545} INFO - Filling up the DagBag from /opt/airflow/dags/dag_do_something.py
[2025-09-04T13:05:36.450+0000] {processor.py:840} INFO - DAG(s) 'generated_py_do_something' retrieved from /opt/airflow/dags/dag_do_something.py
[2025-09-04T13:05:36.470+0000] {logging_mixin.py:188} INFO - [2025-09-04T13:05:36.470+0000] {dag.py:3096} INFO - Sync 1 DAGs
[2025-09-04T13:05:36.480+0000] {logging_mixin.py:188} INFO - [2025-09-04T13:05:36.480+0000] {dag.py:3954} INFO - Setting next_dagrun for generated_py_do_something to 2025-09-04 00:00:00+00:00, run_after=2025-09-05 00:00:00+00:00
[2025-09-04T13:05:36.492+0000] {processor.py:183} INFO - Processing /opt/airflow/dags/dag_do_something.py took 0.069 seconds
[2025-09-04T13:06:06.886+0000] {processor.py:161} INFO - Started process (PID=750) to work on /opt/airflow/dags/dag_do_something.py
[2025-09-04T13:06:06.887+0000] {processor.py:830} INFO - Processing file /opt/airflow/dags/dag_do_something.py for tasks to queue
[2025-09-04T13:06:06.888+0000] {logging_mixin.py:188} INFO - [2025-09-04T13:06:06.887+0000] {dagbag.py:545} INFO - Filling up the DagBag from /opt/airflow/dags/dag_do_something.py
[2025-09-04T13:06:06.901+0000] {processor.py:840} INFO - DAG(s) 'generated_py_do_something' retrieved from /opt/airflow/dags/dag_do_something.py
[2025-09-04T13:06:06.918+0000] {logging_mixin.py:188} INFO - [2025-09-04T13:06:06.918+0000] {dag.py:3096} INFO - Sync 1 DAGs
[2025-09-04T13:06:06.930+0000] {logging_mixin.py:188} INFO - [2025-09-04T13:06:06.930+0000] {dag.py:3954} INFO - Setting next_dagrun for generated_py_do_something to 2025-09-04 00:00:00+00:00, run_after=2025-09-05 00:00:00+00:00
[2025-09-04T13:06:06.939+0000] {processor.py:183} INFO - Processing /opt/airflow/dags/dag_do_something.py took 0.058 seconds
[2025-09-04T13:06:37.203+0000] {processor.py:161} INFO - Started process (PID=759) to work on /opt/airflow/dags/dag_do_something.py
[2025-09-04T13:06:37.204+0000] {processor.py:830} INFO - Processing file /opt/airflow/dags/dag_do_something.py for tasks to queue
[2025-09-04T13:06:37.205+0000] {logging_mixin.py:188} INFO - [2025-09-04T13:06:37.205+0000] {dagbag.py:545} INFO - Filling up the DagBag from /opt/airflow/dags/dag_do_something.py
[2025-09-04T13:06:37.221+0000] {processor.py:840} INFO - DAG(s) 'generated_py_do_something' retrieved from /opt/airflow/dags/dag_do_something.py
[2025-09-04T13:06:37.248+0000] {logging_mixin.py:188} INFO - [2025-09-04T13:06:37.248+0000] {dag.py:3096} INFO - Sync 1 DAGs
[2025-09-04T13:06:37.261+0000] {logging_mixin.py:188} INFO - [2025-09-04T13:06:37.261+0000] {dag.py:3954} INFO - Setting next_dagrun for generated_py_do_something to 2025-09-04 00:00:00+00:00, run_after=2025-09-05 00:00:00+00:00
[2025-09-04T13:06:37.270+0000] {processor.py:183} INFO - Processing /opt/airflow/dags/dag_do_something.py took 0.071 seconds
[2025-09-04T13:07:07.556+0000] {processor.py:161} INFO - Started process (PID=768) to work on /opt/airflow/dags/dag_do_something.py
[2025-09-04T13:07:07.557+0000] {processor.py:830} INFO - Processing file /opt/airflow/dags/dag_do_something.py for tasks to queue
[2025-09-04T13:07:07.559+0000] {logging_mixin.py:188} INFO - [2025-09-04T13:07:07.559+0000] {dagbag.py:545} INFO - Filling up the DagBag from /opt/airflow/dags/dag_do_something.py
[2025-09-04T13:07:07.575+0000] {processor.py:840} INFO - DAG(s) 'generated_py_do_something' retrieved from /opt/airflow/dags/dag_do_something.py
[2025-09-04T13:07:07.593+0000] {logging_mixin.py:188} INFO - [2025-09-04T13:07:07.593+0000] {dag.py:3096} INFO - Sync 1 DAGs
[2025-09-04T13:07:07.606+0000] {logging_mixin.py:188} INFO - [2025-09-04T13:07:07.606+0000] {dag.py:3954} INFO - Setting next_dagrun for generated_py_do_something to 2025-09-04 00:00:00+00:00, run_after=2025-09-05 00:00:00+00:00
[2025-09-04T13:07:07.616+0000] {processor.py:183} INFO - Processing /opt/airflow/dags/dag_do_something.py took 0.065 seconds
[2025-09-04T13:07:37.885+0000] {processor.py:161} INFO - Started process (PID=777) to work on /opt/airflow/dags/dag_do_something.py
[2025-09-04T13:07:37.887+0000] {processor.py:830} INFO - Processing file /opt/airflow/dags/dag_do_something.py for tasks to queue
[2025-09-04T13:07:37.887+0000] {logging_mixin.py:188} INFO - [2025-09-04T13:07:37.887+0000] {dagbag.py:545} INFO - Filling up the DagBag from /opt/airflow/dags/dag_do_something.py
[2025-09-04T13:07:37.900+0000] {processor.py:840} INFO - DAG(s) 'generated_py_do_something' retrieved from /opt/airflow/dags/dag_do_something.py
[2025-09-04T13:07:37.918+0000] {logging_mixin.py:188} INFO - [2025-09-04T13:07:37.918+0000] {dag.py:3096} INFO - Sync 1 DAGs
[2025-09-04T13:07:37.927+0000] {logging_mixin.py:188} INFO - [2025-09-04T13:07:37.927+0000] {dag.py:3954} INFO - Setting next_dagrun for generated_py_do_something to 2025-09-04 00:00:00+00:00, run_after=2025-09-05 00:00:00+00:00
[2025-09-04T13:07:37.937+0000] {processor.py:183} INFO - Processing /opt/airflow/dags/dag_do_something.py took 0.055 seconds
[2025-09-04T13:08:08.287+0000] {processor.py:161} INFO - Started process (PID=786) to work on /opt/airflow/dags/dag_do_something.py
[2025-09-04T13:08:08.288+0000] {processor.py:830} INFO - Processing file /opt/airflow/dags/dag_do_something.py for tasks to queue
[2025-09-04T13:08:08.289+0000] {logging_mixin.py:188} INFO - [2025-09-04T13:08:08.288+0000] {dagbag.py:545} INFO - Filling up the DagBag from /opt/airflow/dags/dag_do_something.py
[2025-09-04T13:08:08.311+0000] {processor.py:840} INFO - DAG(s) 'generated_py_do_something' retrieved from /opt/airflow/dags/dag_do_something.py
[2025-09-04T13:08:08.337+0000] {logging_mixin.py:188} INFO - [2025-09-04T13:08:08.337+0000] {dag.py:3096} INFO - Sync 1 DAGs
[2025-09-04T13:08:08.352+0000] {logging_mixin.py:188} INFO - [2025-09-04T13:08:08.352+0000] {dag.py:3954} INFO - Setting next_dagrun for generated_py_do_something to 2025-09-04 00:00:00+00:00, run_after=2025-09-05 00:00:00+00:00
[2025-09-04T13:08:08.366+0000] {processor.py:183} INFO - Processing /opt/airflow/dags/dag_do_something.py took 0.089 seconds
[2025-09-04T13:08:38.640+0000] {processor.py:161} INFO - Started process (PID=795) to work on /opt/airflow/dags/dag_do_something.py
[2025-09-04T13:08:38.642+0000] {processor.py:830} INFO - Processing file /opt/airflow/dags/dag_do_something.py for tasks to queue
[2025-09-04T13:08:38.643+0000] {logging_mixin.py:188} INFO - [2025-09-04T13:08:38.643+0000] {dagbag.py:545} INFO - Filling up the DagBag from /opt/airflow/dags/dag_do_something.py
[2025-09-04T13:08:38.661+0000] {processor.py:840} INFO - DAG(s) 'generated_py_do_something' retrieved from /opt/airflow/dags/dag_do_something.py
[2025-09-04T13:08:38.689+0000] {logging_mixin.py:188} INFO - [2025-09-04T13:08:38.689+0000] {dag.py:3096} INFO - Sync 1 DAGs
[2025-09-04T13:08:38.713+0000] {logging_mixin.py:188} INFO - [2025-09-04T13:08:38.713+0000] {dag.py:3954} INFO - Setting next_dagrun for generated_py_do_something to 2025-09-04 00:00:00+00:00, run_after=2025-09-05 00:00:00+00:00
[2025-09-04T13:08:38.723+0000] {processor.py:183} INFO - Processing /opt/airflow/dags/dag_do_something.py took 0.088 seconds
[2025-09-04T13:09:09.066+0000] {processor.py:161} INFO - Started process (PID=804) to work on /opt/airflow/dags/dag_do_something.py
[2025-09-04T13:09:09.068+0000] {processor.py:830} INFO - Processing file /opt/airflow/dags/dag_do_something.py for tasks to queue
[2025-09-04T13:09:09.070+0000] {logging_mixin.py:188} INFO - [2025-09-04T13:09:09.069+0000] {dagbag.py:545} INFO - Filling up the DagBag from /opt/airflow/dags/dag_do_something.py
[2025-09-04T13:09:09.093+0000] {processor.py:840} INFO - DAG(s) 'generated_py_do_something' retrieved from /opt/airflow/dags/dag_do_something.py
[2025-09-04T13:09:09.118+0000] {logging_mixin.py:188} INFO - [2025-09-04T13:09:09.117+0000] {dag.py:3096} INFO - Sync 1 DAGs
[2025-09-04T13:09:09.134+0000] {logging_mixin.py:188} INFO - [2025-09-04T13:09:09.134+0000] {dag.py:3954} INFO - Setting next_dagrun for generated_py_do_something to 2025-09-04 00:00:00+00:00, run_after=2025-09-05 00:00:00+00:00
[2025-09-04T13:09:09.153+0000] {processor.py:183} INFO - Processing /opt/airflow/dags/dag_do_something.py took 0.098 seconds
[2025-09-04T13:09:39.534+0000] {processor.py:161} INFO - Started process (PID=813) to work on /opt/airflow/dags/dag_do_something.py
[2025-09-04T13:09:39.536+0000] {processor.py:830} INFO - Processing file /opt/airflow/dags/dag_do_something.py for tasks to queue
[2025-09-04T13:09:39.536+0000] {logging_mixin.py:188} INFO - [2025-09-04T13:09:39.536+0000] {dagbag.py:545} INFO - Filling up the DagBag from /opt/airflow/dags/dag_do_something.py
[2025-09-04T13:09:39.556+0000] {processor.py:840} INFO - DAG(s) 'generated_py_do_something' retrieved from /opt/airflow/dags/dag_do_something.py
[2025-09-04T13:09:39.577+0000] {logging_mixin.py:188} INFO - [2025-09-04T13:09:39.577+0000] {dag.py:3096} INFO - Sync 1 DAGs
[2025-09-04T13:09:39.589+0000] {logging_mixin.py:188} INFO - [2025-09-04T13:09:39.589+0000] {dag.py:3954} INFO - Setting next_dagrun for generated_py_do_something to 2025-09-04 00:00:00+00:00, run_after=2025-09-05 00:00:00+00:00
[2025-09-04T13:09:39.599+0000] {processor.py:183} INFO - Processing /opt/airflow/dags/dag_do_something.py took 0.074 seconds
[2025-09-04T13:10:09.904+0000] {processor.py:161} INFO - Started process (PID=822) to work on /opt/airflow/dags/dag_do_something.py
[2025-09-04T13:10:09.905+0000] {processor.py:830} INFO - Processing file /opt/airflow/dags/dag_do_something.py for tasks to queue
[2025-09-04T13:10:09.906+0000] {logging_mixin.py:188} INFO - [2025-09-04T13:10:09.906+0000] {dagbag.py:545} INFO - Filling up the DagBag from /opt/airflow/dags/dag_do_something.py
[2025-09-04T13:10:09.922+0000] {processor.py:840} INFO - DAG(s) 'generated_py_do_something' retrieved from /opt/airflow/dags/dag_do_something.py
[2025-09-04T13:10:09.948+0000] {logging_mixin.py:188} INFO - [2025-09-04T13:10:09.948+0000] {dag.py:3096} INFO - Sync 1 DAGs
[2025-09-04T13:10:09.967+0000] {logging_mixin.py:188} INFO - [2025-09-04T13:10:09.967+0000] {dag.py:3954} INFO - Setting next_dagrun for generated_py_do_something to 2025-09-04 00:00:00+00:00, run_after=2025-09-05 00:00:00+00:00
[2025-09-04T13:10:09.977+0000] {processor.py:183} INFO - Processing /opt/airflow/dags/dag_do_something.py took 0.080 seconds
[2025-09-04T13:10:40.297+0000] {processor.py:161} INFO - Started process (PID=831) to work on /opt/airflow/dags/dag_do_something.py
[2025-09-04T13:10:40.299+0000] {processor.py:830} INFO - Processing file /opt/airflow/dags/dag_do_something.py for tasks to queue
[2025-09-04T13:10:40.300+0000] {logging_mixin.py:188} INFO - [2025-09-04T13:10:40.300+0000] {dagbag.py:545} INFO - Filling up the DagBag from /opt/airflow/dags/dag_do_something.py
[2025-09-04T13:10:40.316+0000] {processor.py:840} INFO - DAG(s) 'generated_py_do_something' retrieved from /opt/airflow/dags/dag_do_something.py
[2025-09-04T13:10:40.340+0000] {logging_mixin.py:188} INFO - [2025-09-04T13:10:40.340+0000] {dag.py:3096} INFO - Sync 1 DAGs
[2025-09-04T13:10:40.353+0000] {logging_mixin.py:188} INFO - [2025-09-04T13:10:40.353+0000] {dag.py:3954} INFO - Setting next_dagrun for generated_py_do_something to 2025-09-04 00:00:00+00:00, run_after=2025-09-05 00:00:00+00:00
[2025-09-04T13:10:40.363+0000] {processor.py:183} INFO - Processing /opt/airflow/dags/dag_do_something.py took 0.070 seconds
[2025-09-04T13:11:10.675+0000] {processor.py:161} INFO - Started process (PID=840) to work on /opt/airflow/dags/dag_do_something.py
[2025-09-04T13:11:10.677+0000] {processor.py:830} INFO - Processing file /opt/airflow/dags/dag_do_something.py for tasks to queue
[2025-09-04T13:11:10.679+0000] {logging_mixin.py:188} INFO - [2025-09-04T13:11:10.679+0000] {dagbag.py:545} INFO - Filling up the DagBag from /opt/airflow/dags/dag_do_something.py
[2025-09-04T13:11:10.700+0000] {processor.py:840} INFO - DAG(s) 'generated_py_do_something' retrieved from /opt/airflow/dags/dag_do_something.py
[2025-09-04T13:11:10.723+0000] {logging_mixin.py:188} INFO - [2025-09-04T13:11:10.723+0000] {dag.py:3096} INFO - Sync 1 DAGs
[2025-09-04T13:11:10.736+0000] {logging_mixin.py:188} INFO - [2025-09-04T13:11:10.736+0000] {dag.py:3954} INFO - Setting next_dagrun for generated_py_do_something to 2025-09-04 00:00:00+00:00, run_after=2025-09-05 00:00:00+00:00
[2025-09-04T13:11:10.748+0000] {processor.py:183} INFO - Processing /opt/airflow/dags/dag_do_something.py took 0.081 seconds
[2025-09-04T13:11:41.135+0000] {processor.py:161} INFO - Started process (PID=849) to work on /opt/airflow/dags/dag_do_something.py
[2025-09-04T13:11:41.137+0000] {processor.py:830} INFO - Processing file /opt/airflow/dags/dag_do_something.py for tasks to queue
[2025-09-04T13:11:41.138+0000] {logging_mixin.py:188} INFO - [2025-09-04T13:11:41.138+0000] {dagbag.py:545} INFO - Filling up the DagBag from /opt/airflow/dags/dag_do_something.py
[2025-09-04T13:11:41.159+0000] {processor.py:840} INFO - DAG(s) 'generated_py_do_something' retrieved from /opt/airflow/dags/dag_do_something.py
[2025-09-04T13:11:41.184+0000] {logging_mixin.py:188} INFO - [2025-09-04T13:11:41.184+0000] {dag.py:3096} INFO - Sync 1 DAGs
[2025-09-04T13:11:41.197+0000] {logging_mixin.py:188} INFO - [2025-09-04T13:11:41.197+0000] {dag.py:3954} INFO - Setting next_dagrun for generated_py_do_something to 2025-09-04 00:00:00+00:00, run_after=2025-09-05 00:00:00+00:00
[2025-09-04T13:11:41.206+0000] {processor.py:183} INFO - Processing /opt/airflow/dags/dag_do_something.py took 0.082 seconds
[2025-09-04T13:12:11.526+0000] {processor.py:161} INFO - Started process (PID=858) to work on /opt/airflow/dags/dag_do_something.py
[2025-09-04T13:12:11.527+0000] {processor.py:830} INFO - Processing file /opt/airflow/dags/dag_do_something.py for tasks to queue
[2025-09-04T13:12:11.527+0000] {logging_mixin.py:188} INFO - [2025-09-04T13:12:11.527+0000] {dagbag.py:545} INFO - Filling up the DagBag from /opt/airflow/dags/dag_do_something.py
[2025-09-04T13:12:11.548+0000] {processor.py:840} INFO - DAG(s) 'generated_py_do_something' retrieved from /opt/airflow/dags/dag_do_something.py
[2025-09-04T13:12:11.576+0000] {logging_mixin.py:188} INFO - [2025-09-04T13:12:11.576+0000] {dag.py:3096} INFO - Sync 1 DAGs
[2025-09-04T13:12:11.591+0000] {logging_mixin.py:188} INFO - [2025-09-04T13:12:11.591+0000] {dag.py:3954} INFO - Setting next_dagrun for generated_py_do_something to 2025-09-04 00:00:00+00:00, run_after=2025-09-05 00:00:00+00:00
[2025-09-04T13:12:11.601+0000] {processor.py:183} INFO - Processing /opt/airflow/dags/dag_do_something.py took 0.083 seconds
[2025-09-04T13:12:41.962+0000] {processor.py:161} INFO - Started process (PID=867) to work on /opt/airflow/dags/dag_do_something.py
[2025-09-04T13:12:41.964+0000] {processor.py:830} INFO - Processing file /opt/airflow/dags/dag_do_something.py for tasks to queue
[2025-09-04T13:12:41.968+0000] {logging_mixin.py:188} INFO - [2025-09-04T13:12:41.966+0000] {dagbag.py:545} INFO - Filling up the DagBag from /opt/airflow/dags/dag_do_something.py
[2025-09-04T13:12:42.000+0000] {processor.py:840} INFO - DAG(s) 'generated_py_do_something' retrieved from /opt/airflow/dags/dag_do_something.py
[2025-09-04T13:12:42.032+0000] {logging_mixin.py:188} INFO - [2025-09-04T13:12:42.032+0000] {dag.py:3096} INFO - Sync 1 DAGs
[2025-09-04T13:12:42.047+0000] {logging_mixin.py:188} INFO - [2025-09-04T13:12:42.047+0000] {dag.py:3954} INFO - Setting next_dagrun for generated_py_do_something to 2025-09-04 00:00:00+00:00, run_after=2025-09-05 00:00:00+00:00
[2025-09-04T13:12:42.058+0000] {processor.py:183} INFO - Processing /opt/airflow/dags/dag_do_something.py took 0.108 seconds
[2025-09-04T13:13:12.393+0000] {processor.py:161} INFO - Started process (PID=876) to work on /opt/airflow/dags/dag_do_something.py
[2025-09-04T13:13:12.395+0000] {processor.py:830} INFO - Processing file /opt/airflow/dags/dag_do_something.py for tasks to queue
[2025-09-04T13:13:12.396+0000] {logging_mixin.py:188} INFO - [2025-09-04T13:13:12.396+0000] {dagbag.py:545} INFO - Filling up the DagBag from /opt/airflow/dags/dag_do_something.py
[2025-09-04T13:13:12.413+0000] {processor.py:840} INFO - DAG(s) 'generated_py_do_something' retrieved from /opt/airflow/dags/dag_do_something.py
[2025-09-04T13:13:12.442+0000] {logging_mixin.py:188} INFO - [2025-09-04T13:13:12.442+0000] {dag.py:3096} INFO - Sync 1 DAGs
[2025-09-04T13:13:12.465+0000] {logging_mixin.py:188} INFO - [2025-09-04T13:13:12.465+0000] {dag.py:3954} INFO - Setting next_dagrun for generated_py_do_something to 2025-09-04 00:00:00+00:00, run_after=2025-09-05 00:00:00+00:00
[2025-09-04T13:13:12.485+0000] {processor.py:183} INFO - Processing /opt/airflow/dags/dag_do_something.py took 0.100 seconds
[2025-09-04T13:13:42.770+0000] {processor.py:161} INFO - Started process (PID=884) to work on /opt/airflow/dags/dag_do_something.py
[2025-09-04T13:13:42.771+0000] {processor.py:830} INFO - Processing file /opt/airflow/dags/dag_do_something.py for tasks to queue
[2025-09-04T13:13:42.772+0000] {logging_mixin.py:188} INFO - [2025-09-04T13:13:42.772+0000] {dagbag.py:545} INFO - Filling up the DagBag from /opt/airflow/dags/dag_do_something.py
[2025-09-04T13:13:42.793+0000] {processor.py:840} INFO - DAG(s) 'generated_py_do_something' retrieved from /opt/airflow/dags/dag_do_something.py
[2025-09-04T13:13:42.831+0000] {logging_mixin.py:188} INFO - [2025-09-04T13:13:42.831+0000] {dag.py:3096} INFO - Sync 1 DAGs
[2025-09-04T13:13:42.846+0000] {logging_mixin.py:188} INFO - [2025-09-04T13:13:42.846+0000] {dag.py:3954} INFO - Setting next_dagrun for generated_py_do_something to 2025-09-04 00:00:00+00:00, run_after=2025-09-05 00:00:00+00:00
[2025-09-04T13:13:42.856+0000] {processor.py:183} INFO - Processing /opt/airflow/dags/dag_do_something.py took 0.097 seconds
[2025-09-04T13:14:13.121+0000] {processor.py:161} INFO - Started process (PID=893) to work on /opt/airflow/dags/dag_do_something.py
[2025-09-04T13:14:13.123+0000] {processor.py:830} INFO - Processing file /opt/airflow/dags/dag_do_something.py for tasks to queue
[2025-09-04T13:14:13.123+0000] {logging_mixin.py:188} INFO - [2025-09-04T13:14:13.123+0000] {dagbag.py:545} INFO - Filling up the DagBag from /opt/airflow/dags/dag_do_something.py
[2025-09-04T13:14:13.141+0000] {processor.py:840} INFO - DAG(s) 'generated_py_do_something' retrieved from /opt/airflow/dags/dag_do_something.py
[2025-09-04T13:14:13.165+0000] {logging_mixin.py:188} INFO - [2025-09-04T13:14:13.165+0000] {dag.py:3096} INFO - Sync 1 DAGs
[2025-09-04T13:14:13.187+0000] {logging_mixin.py:188} INFO - [2025-09-04T13:14:13.187+0000] {dag.py:3954} INFO - Setting next_dagrun for generated_py_do_something to 2025-09-04 00:00:00+00:00, run_after=2025-09-05 00:00:00+00:00
[2025-09-04T13:14:13.200+0000] {processor.py:183} INFO - Processing /opt/airflow/dags/dag_do_something.py took 0.088 seconds
[2025-09-04T13:14:43.367+0000] {processor.py:161} INFO - Started process (PID=902) to work on /opt/airflow/dags/dag_do_something.py
[2025-09-04T13:14:43.368+0000] {processor.py:830} INFO - Processing file /opt/airflow/dags/dag_do_something.py for tasks to queue
[2025-09-04T13:14:43.370+0000] {logging_mixin.py:188} INFO - [2025-09-04T13:14:43.370+0000] {dagbag.py:545} INFO - Filling up the DagBag from /opt/airflow/dags/dag_do_something.py
[2025-09-04T13:14:43.407+0000] {processor.py:840} INFO - DAG(s) 'generated_py_do_something' retrieved from /opt/airflow/dags/dag_do_something.py
[2025-09-04T13:14:43.445+0000] {logging_mixin.py:188} INFO - [2025-09-04T13:14:43.445+0000] {dag.py:3096} INFO - Sync 1 DAGs
[2025-09-04T13:14:43.459+0000] {logging_mixin.py:188} INFO - [2025-09-04T13:14:43.458+0000] {dag.py:3954} INFO - Setting next_dagrun for generated_py_do_something to 2025-09-04 00:00:00+00:00, run_after=2025-09-05 00:00:00+00:00
[2025-09-04T13:14:43.470+0000] {processor.py:183} INFO - Processing /opt/airflow/dags/dag_do_something.py took 0.112 seconds
[2025-09-04T13:15:13.777+0000] {processor.py:161} INFO - Started process (PID=911) to work on /opt/airflow/dags/dag_do_something.py
[2025-09-04T13:15:13.778+0000] {processor.py:830} INFO - Processing file /opt/airflow/dags/dag_do_something.py for tasks to queue
[2025-09-04T13:15:13.779+0000] {logging_mixin.py:188} INFO - [2025-09-04T13:15:13.779+0000] {dagbag.py:545} INFO - Filling up the DagBag from /opt/airflow/dags/dag_do_something.py
[2025-09-04T13:15:13.803+0000] {processor.py:840} INFO - DAG(s) 'generated_py_do_something' retrieved from /opt/airflow/dags/dag_do_something.py
[2025-09-04T13:15:13.833+0000] {logging_mixin.py:188} INFO - [2025-09-04T13:15:13.833+0000] {dag.py:3096} INFO - Sync 1 DAGs
[2025-09-04T13:15:13.854+0000] {logging_mixin.py:188} INFO - [2025-09-04T13:15:13.854+0000] {dag.py:3954} INFO - Setting next_dagrun for generated_py_do_something to 2025-09-04 00:00:00+00:00, run_after=2025-09-05 00:00:00+00:00
[2025-09-04T13:15:13.866+0000] {processor.py:183} INFO - Processing /opt/airflow/dags/dag_do_something.py took 0.104 seconds
[2025-09-04T13:15:44.109+0000] {processor.py:161} INFO - Started process (PID=920) to work on /opt/airflow/dags/dag_do_something.py
[2025-09-04T13:15:44.113+0000] {processor.py:830} INFO - Processing file /opt/airflow/dags/dag_do_something.py for tasks to queue
[2025-09-04T13:15:44.118+0000] {logging_mixin.py:188} INFO - [2025-09-04T13:15:44.117+0000] {dagbag.py:545} INFO - Filling up the DagBag from /opt/airflow/dags/dag_do_something.py
[2025-09-04T13:15:44.136+0000] {processor.py:840} INFO - DAG(s) 'generated_py_do_something' retrieved from /opt/airflow/dags/dag_do_something.py
[2025-09-04T13:15:44.168+0000] {logging_mixin.py:188} INFO - [2025-09-04T13:15:44.168+0000] {dag.py:3096} INFO - Sync 1 DAGs
[2025-09-04T13:15:44.186+0000] {logging_mixin.py:188} INFO - [2025-09-04T13:15:44.186+0000] {dag.py:3954} INFO - Setting next_dagrun for generated_py_do_something to 2025-09-04 00:00:00+00:00, run_after=2025-09-05 00:00:00+00:00
[2025-09-04T13:15:44.197+0000] {processor.py:183} INFO - Processing /opt/airflow/dags/dag_do_something.py took 0.103 seconds
[2025-09-04T13:16:14.572+0000] {processor.py:161} INFO - Started process (PID=929) to work on /opt/airflow/dags/dag_do_something.py
[2025-09-04T13:16:14.574+0000] {processor.py:830} INFO - Processing file /opt/airflow/dags/dag_do_something.py for tasks to queue
[2025-09-04T13:16:14.575+0000] {logging_mixin.py:188} INFO - [2025-09-04T13:16:14.575+0000] {dagbag.py:545} INFO - Filling up the DagBag from /opt/airflow/dags/dag_do_something.py
[2025-09-04T13:16:14.600+0000] {processor.py:840} INFO - DAG(s) 'generated_py_do_something' retrieved from /opt/airflow/dags/dag_do_something.py
[2025-09-04T13:16:14.630+0000] {logging_mixin.py:188} INFO - [2025-09-04T13:16:14.630+0000] {dag.py:3096} INFO - Sync 1 DAGs
[2025-09-04T13:16:14.648+0000] {logging_mixin.py:188} INFO - [2025-09-04T13:16:14.648+0000] {dag.py:3954} INFO - Setting next_dagrun for generated_py_do_something to 2025-09-04 00:00:00+00:00, run_after=2025-09-05 00:00:00+00:00
[2025-09-04T13:16:14.664+0000] {processor.py:183} INFO - Processing /opt/airflow/dags/dag_do_something.py took 0.107 seconds
[2025-09-04T13:16:44.962+0000] {processor.py:161} INFO - Started process (PID=938) to work on /opt/airflow/dags/dag_do_something.py
[2025-09-04T13:16:44.964+0000] {processor.py:830} INFO - Processing file /opt/airflow/dags/dag_do_something.py for tasks to queue
[2025-09-04T13:16:44.966+0000] {logging_mixin.py:188} INFO - [2025-09-04T13:16:44.965+0000] {dagbag.py:545} INFO - Filling up the DagBag from /opt/airflow/dags/dag_do_something.py
[2025-09-04T13:16:44.985+0000] {processor.py:840} INFO - DAG(s) 'generated_py_do_something' retrieved from /opt/airflow/dags/dag_do_something.py
[2025-09-04T13:16:45.001+0000] {logging_mixin.py:188} INFO - [2025-09-04T13:16:45.001+0000] {dag.py:3096} INFO - Sync 1 DAGs
[2025-09-04T13:16:45.012+0000] {logging_mixin.py:188} INFO - [2025-09-04T13:16:45.011+0000] {dag.py:3954} INFO - Setting next_dagrun for generated_py_do_something to 2025-09-04 00:00:00+00:00, run_after=2025-09-05 00:00:00+00:00
[2025-09-04T13:16:45.020+0000] {processor.py:183} INFO - Processing /opt/airflow/dags/dag_do_something.py took 0.064 seconds
[2025-09-04T13:17:15.324+0000] {processor.py:161} INFO - Started process (PID=947) to work on /opt/airflow/dags/dag_do_something.py
[2025-09-04T13:17:15.325+0000] {processor.py:830} INFO - Processing file /opt/airflow/dags/dag_do_something.py for tasks to queue
[2025-09-04T13:17:15.326+0000] {logging_mixin.py:188} INFO - [2025-09-04T13:17:15.326+0000] {dagbag.py:545} INFO - Filling up the DagBag from /opt/airflow/dags/dag_do_something.py
[2025-09-04T13:17:15.342+0000] {processor.py:840} INFO - DAG(s) 'generated_py_do_something' retrieved from /opt/airflow/dags/dag_do_something.py
[2025-09-04T13:17:15.357+0000] {logging_mixin.py:188} INFO - [2025-09-04T13:17:15.357+0000] {dag.py:3096} INFO - Sync 1 DAGs
[2025-09-04T13:17:15.367+0000] {logging_mixin.py:188} INFO - [2025-09-04T13:17:15.367+0000] {dag.py:3954} INFO - Setting next_dagrun for generated_py_do_something to 2025-09-04 00:00:00+00:00, run_after=2025-09-05 00:00:00+00:00
[2025-09-04T13:17:15.375+0000] {processor.py:183} INFO - Processing /opt/airflow/dags/dag_do_something.py took 0.055 seconds
[2025-09-04T13:17:45.704+0000] {processor.py:161} INFO - Started process (PID=956) to work on /opt/airflow/dags/dag_do_something.py
[2025-09-04T13:17:45.705+0000] {processor.py:830} INFO - Processing file /opt/airflow/dags/dag_do_something.py for tasks to queue
[2025-09-04T13:17:45.706+0000] {logging_mixin.py:188} INFO - [2025-09-04T13:17:45.705+0000] {dagbag.py:545} INFO - Filling up the DagBag from /opt/airflow/dags/dag_do_something.py
[2025-09-04T13:17:45.729+0000] {processor.py:840} INFO - DAG(s) 'generated_py_do_something' retrieved from /opt/airflow/dags/dag_do_something.py
[2025-09-04T13:17:45.759+0000] {logging_mixin.py:188} INFO - [2025-09-04T13:17:45.759+0000] {dag.py:3096} INFO - Sync 1 DAGs
[2025-09-04T13:17:45.776+0000] {logging_mixin.py:188} INFO - [2025-09-04T13:17:45.776+0000] {dag.py:3954} INFO - Setting next_dagrun for generated_py_do_something to 2025-09-04 00:00:00+00:00, run_after=2025-09-05 00:00:00+00:00
[2025-09-04T13:17:45.791+0000] {processor.py:183} INFO - Processing /opt/airflow/dags/dag_do_something.py took 0.094 seconds
[2025-09-04T13:18:16.048+0000] {processor.py:161} INFO - Started process (PID=965) to work on /opt/airflow/dags/dag_do_something.py
[2025-09-04T13:18:16.049+0000] {processor.py:830} INFO - Processing file /opt/airflow/dags/dag_do_something.py for tasks to queue
[2025-09-04T13:18:16.051+0000] {logging_mixin.py:188} INFO - [2025-09-04T13:18:16.051+0000] {dagbag.py:545} INFO - Filling up the DagBag from /opt/airflow/dags/dag_do_something.py
[2025-09-04T13:18:16.067+0000] {processor.py:840} INFO - DAG(s) 'generated_py_do_something' retrieved from /opt/airflow/dags/dag_do_something.py
[2025-09-04T13:18:16.088+0000] {logging_mixin.py:188} INFO - [2025-09-04T13:18:16.088+0000] {dag.py:3096} INFO - Sync 1 DAGs
[2025-09-04T13:18:16.102+0000] {logging_mixin.py:188} INFO - [2025-09-04T13:18:16.102+0000] {dag.py:3954} INFO - Setting next_dagrun for generated_py_do_something to 2025-09-04 00:00:00+00:00, run_after=2025-09-05 00:00:00+00:00
[2025-09-04T13:18:16.112+0000] {processor.py:183} INFO - Processing /opt/airflow/dags/dag_do_something.py took 0.070 seconds
[2025-09-04T13:18:46.401+0000] {processor.py:161} INFO - Started process (PID=974) to work on /opt/airflow/dags/dag_do_something.py
[2025-09-04T13:18:46.403+0000] {processor.py:830} INFO - Processing file /opt/airflow/dags/dag_do_something.py for tasks to queue
[2025-09-04T13:18:46.405+0000] {logging_mixin.py:188} INFO - [2025-09-04T13:18:46.405+0000] {dagbag.py:545} INFO - Filling up the DagBag from /opt/airflow/dags/dag_do_something.py
[2025-09-04T13:18:46.424+0000] {processor.py:840} INFO - DAG(s) 'generated_py_do_something' retrieved from /opt/airflow/dags/dag_do_something.py
[2025-09-04T13:18:46.481+0000] {logging_mixin.py:188} INFO - [2025-09-04T13:18:46.480+0000] {dag.py:3096} INFO - Sync 1 DAGs
[2025-09-04T13:18:46.520+0000] {logging_mixin.py:188} INFO - [2025-09-04T13:18:46.520+0000] {dag.py:3954} INFO - Setting next_dagrun for generated_py_do_something to 2025-09-04 00:00:00+00:00, run_after=2025-09-05 00:00:00+00:00
[2025-09-04T13:18:46.543+0000] {processor.py:183} INFO - Processing /opt/airflow/dags/dag_do_something.py took 0.148 seconds
[2025-09-04T13:19:16.689+0000] {processor.py:161} INFO - Started process (PID=983) to work on /opt/airflow/dags/dag_do_something.py
[2025-09-04T13:19:16.690+0000] {processor.py:830} INFO - Processing file /opt/airflow/dags/dag_do_something.py for tasks to queue
[2025-09-04T13:19:16.691+0000] {logging_mixin.py:188} INFO - [2025-09-04T13:19:16.691+0000] {dagbag.py:545} INFO - Filling up the DagBag from /opt/airflow/dags/dag_do_something.py
[2025-09-04T13:19:16.706+0000] {processor.py:840} INFO - DAG(s) 'generated_py_do_something' retrieved from /opt/airflow/dags/dag_do_something.py
[2025-09-04T13:19:16.734+0000] {logging_mixin.py:188} INFO - [2025-09-04T13:19:16.734+0000] {dag.py:3096} INFO - Sync 1 DAGs
[2025-09-04T13:19:16.747+0000] {logging_mixin.py:188} INFO - [2025-09-04T13:19:16.747+0000] {dag.py:3954} INFO - Setting next_dagrun for generated_py_do_something to 2025-09-04 00:00:00+00:00, run_after=2025-09-05 00:00:00+00:00
[2025-09-04T13:19:16.761+0000] {processor.py:183} INFO - Processing /opt/airflow/dags/dag_do_something.py took 0.076 seconds
[2025-09-04T13:19:47.096+0000] {processor.py:161} INFO - Started process (PID=992) to work on /opt/airflow/dags/dag_do_something.py
[2025-09-04T13:19:47.097+0000] {processor.py:830} INFO - Processing file /opt/airflow/dags/dag_do_something.py for tasks to queue
[2025-09-04T13:19:47.098+0000] {logging_mixin.py:188} INFO - [2025-09-04T13:19:47.098+0000] {dagbag.py:545} INFO - Filling up the DagBag from /opt/airflow/dags/dag_do_something.py
[2025-09-04T13:19:47.111+0000] {processor.py:840} INFO - DAG(s) 'generated_py_do_something' retrieved from /opt/airflow/dags/dag_do_something.py
[2025-09-04T13:19:47.130+0000] {logging_mixin.py:188} INFO - [2025-09-04T13:19:47.130+0000] {dag.py:3096} INFO - Sync 1 DAGs
[2025-09-04T13:19:47.141+0000] {logging_mixin.py:188} INFO - [2025-09-04T13:19:47.141+0000] {dag.py:3954} INFO - Setting next_dagrun for generated_py_do_something to 2025-09-04 00:00:00+00:00, run_after=2025-09-05 00:00:00+00:00
[2025-09-04T13:19:47.151+0000] {processor.py:183} INFO - Processing /opt/airflow/dags/dag_do_something.py took 0.061 seconds
[2025-09-04T13:20:17.451+0000] {processor.py:161} INFO - Started process (PID=1001) to work on /opt/airflow/dags/dag_do_something.py
[2025-09-04T13:20:17.454+0000] {processor.py:830} INFO - Processing file /opt/airflow/dags/dag_do_something.py for tasks to queue
[2025-09-04T13:20:17.458+0000] {logging_mixin.py:188} INFO - [2025-09-04T13:20:17.458+0000] {dagbag.py:545} INFO - Filling up the DagBag from /opt/airflow/dags/dag_do_something.py
[2025-09-04T13:20:17.486+0000] {processor.py:840} INFO - DAG(s) 'generated_py_do_something' retrieved from /opt/airflow/dags/dag_do_something.py
[2025-09-04T13:20:17.513+0000] {logging_mixin.py:188} INFO - [2025-09-04T13:20:17.513+0000] {dag.py:3096} INFO - Sync 1 DAGs
[2025-09-04T13:20:17.528+0000] {logging_mixin.py:188} INFO - [2025-09-04T13:20:17.528+0000] {dag.py:3954} INFO - Setting next_dagrun for generated_py_do_something to 2025-09-04 00:00:00+00:00, run_after=2025-09-05 00:00:00+00:00
[2025-09-04T13:20:17.539+0000] {processor.py:183} INFO - Processing /opt/airflow/dags/dag_do_something.py took 0.101 seconds
[2025-09-04T13:20:47.834+0000] {processor.py:161} INFO - Started process (PID=1010) to work on /opt/airflow/dags/dag_do_something.py
[2025-09-04T13:20:47.836+0000] {processor.py:830} INFO - Processing file /opt/airflow/dags/dag_do_something.py for tasks to queue
[2025-09-04T13:20:47.837+0000] {logging_mixin.py:188} INFO - [2025-09-04T13:20:47.837+0000] {dagbag.py:545} INFO - Filling up the DagBag from /opt/airflow/dags/dag_do_something.py
[2025-09-04T13:20:47.852+0000] {processor.py:840} INFO - DAG(s) 'generated_py_do_something' retrieved from /opt/airflow/dags/dag_do_something.py
[2025-09-04T13:20:47.872+0000] {logging_mixin.py:188} INFO - [2025-09-04T13:20:47.872+0000] {dag.py:3096} INFO - Sync 1 DAGs
[2025-09-04T13:20:47.883+0000] {logging_mixin.py:188} INFO - [2025-09-04T13:20:47.883+0000] {dag.py:3954} INFO - Setting next_dagrun for generated_py_do_something to 2025-09-04 00:00:00+00:00, run_after=2025-09-05 00:00:00+00:00
[2025-09-04T13:20:47.893+0000] {processor.py:183} INFO - Processing /opt/airflow/dags/dag_do_something.py took 0.064 seconds
[2025-09-04T13:21:18.240+0000] {processor.py:161} INFO - Started process (PID=1019) to work on /opt/airflow/dags/dag_do_something.py
[2025-09-04T13:21:18.241+0000] {processor.py:830} INFO - Processing file /opt/airflow/dags/dag_do_something.py for tasks to queue
[2025-09-04T13:21:18.242+0000] {logging_mixin.py:188} INFO - [2025-09-04T13:21:18.241+0000] {dagbag.py:545} INFO - Filling up the DagBag from /opt/airflow/dags/dag_do_something.py
[2025-09-04T13:21:18.254+0000] {processor.py:840} INFO - DAG(s) 'generated_py_do_something' retrieved from /opt/airflow/dags/dag_do_something.py
[2025-09-04T13:21:18.271+0000] {logging_mixin.py:188} INFO - [2025-09-04T13:21:18.271+0000] {dag.py:3096} INFO - Sync 1 DAGs
[2025-09-04T13:21:18.285+0000] {logging_mixin.py:188} INFO - [2025-09-04T13:21:18.285+0000] {dag.py:3954} INFO - Setting next_dagrun for generated_py_do_something to 2025-09-04 00:00:00+00:00, run_after=2025-09-05 00:00:00+00:00
[2025-09-04T13:21:18.293+0000] {processor.py:183} INFO - Processing /opt/airflow/dags/dag_do_something.py took 0.059 seconds
[2025-09-04T13:21:48.606+0000] {processor.py:161} INFO - Started process (PID=1028) to work on /opt/airflow/dags/dag_do_something.py
[2025-09-04T13:21:48.607+0000] {processor.py:830} INFO - Processing file /opt/airflow/dags/dag_do_something.py for tasks to queue
[2025-09-04T13:21:48.608+0000] {logging_mixin.py:188} INFO - [2025-09-04T13:21:48.608+0000] {dagbag.py:545} INFO - Filling up the DagBag from /opt/airflow/dags/dag_do_something.py
[2025-09-04T13:21:48.621+0000] {processor.py:840} INFO - DAG(s) 'generated_py_do_something' retrieved from /opt/airflow/dags/dag_do_something.py
[2025-09-04T13:21:48.638+0000] {logging_mixin.py:188} INFO - [2025-09-04T13:21:48.638+0000] {dag.py:3096} INFO - Sync 1 DAGs
[2025-09-04T13:21:48.649+0000] {logging_mixin.py:188} INFO - [2025-09-04T13:21:48.649+0000] {dag.py:3954} INFO - Setting next_dagrun for generated_py_do_something to 2025-09-04 00:00:00+00:00, run_after=2025-09-05 00:00:00+00:00
[2025-09-04T13:21:48.658+0000] {processor.py:183} INFO - Processing /opt/airflow/dags/dag_do_something.py took 0.057 seconds
[2025-09-04T13:22:18.943+0000] {processor.py:161} INFO - Started process (PID=1037) to work on /opt/airflow/dags/dag_do_something.py
[2025-09-04T13:22:18.944+0000] {processor.py:830} INFO - Processing file /opt/airflow/dags/dag_do_something.py for tasks to queue
[2025-09-04T13:22:18.945+0000] {logging_mixin.py:188} INFO - [2025-09-04T13:22:18.945+0000] {dagbag.py:545} INFO - Filling up the DagBag from /opt/airflow/dags/dag_do_something.py
[2025-09-04T13:22:18.959+0000] {processor.py:840} INFO - DAG(s) 'generated_py_do_something' retrieved from /opt/airflow/dags/dag_do_something.py
[2025-09-04T13:22:18.980+0000] {logging_mixin.py:188} INFO - [2025-09-04T13:22:18.980+0000] {dag.py:3096} INFO - Sync 1 DAGs
[2025-09-04T13:22:18.990+0000] {logging_mixin.py:188} INFO - [2025-09-04T13:22:18.990+0000] {dag.py:3954} INFO - Setting next_dagrun for generated_py_do_something to 2025-09-04 00:00:00+00:00, run_after=2025-09-05 00:00:00+00:00
[2025-09-04T13:22:19.000+0000] {processor.py:183} INFO - Processing /opt/airflow/dags/dag_do_something.py took 0.062 seconds
[2025-09-04T13:22:49.297+0000] {processor.py:161} INFO - Started process (PID=1046) to work on /opt/airflow/dags/dag_do_something.py
[2025-09-04T13:22:49.298+0000] {processor.py:830} INFO - Processing file /opt/airflow/dags/dag_do_something.py for tasks to queue
[2025-09-04T13:22:49.300+0000] {logging_mixin.py:188} INFO - [2025-09-04T13:22:49.299+0000] {dagbag.py:545} INFO - Filling up the DagBag from /opt/airflow/dags/dag_do_something.py
[2025-09-04T13:22:49.314+0000] {processor.py:840} INFO - DAG(s) 'generated_py_do_something' retrieved from /opt/airflow/dags/dag_do_something.py
[2025-09-04T13:22:49.332+0000] {logging_mixin.py:188} INFO - [2025-09-04T13:22:49.332+0000] {dag.py:3096} INFO - Sync 1 DAGs
[2025-09-04T13:22:49.344+0000] {logging_mixin.py:188} INFO - [2025-09-04T13:22:49.344+0000] {dag.py:3954} INFO - Setting next_dagrun for generated_py_do_something to 2025-09-04 00:00:00+00:00, run_after=2025-09-05 00:00:00+00:00
[2025-09-04T13:22:49.354+0000] {processor.py:183} INFO - Processing /opt/airflow/dags/dag_do_something.py took 0.066 seconds
[2025-09-04T13:23:19.674+0000] {processor.py:161} INFO - Started process (PID=1055) to work on /opt/airflow/dags/dag_do_something.py
[2025-09-04T13:23:19.675+0000] {processor.py:830} INFO - Processing file /opt/airflow/dags/dag_do_something.py for tasks to queue
[2025-09-04T13:23:19.675+0000] {logging_mixin.py:188} INFO - [2025-09-04T13:23:19.675+0000] {dagbag.py:545} INFO - Filling up the DagBag from /opt/airflow/dags/dag_do_something.py
[2025-09-04T13:23:19.698+0000] {processor.py:840} INFO - DAG(s) 'generated_py_do_something' retrieved from /opt/airflow/dags/dag_do_something.py
[2025-09-04T13:23:19.717+0000] {logging_mixin.py:188} INFO - [2025-09-04T13:23:19.717+0000] {dag.py:3096} INFO - Sync 1 DAGs
[2025-09-04T13:23:19.727+0000] {logging_mixin.py:188} INFO - [2025-09-04T13:23:19.727+0000] {dag.py:3954} INFO - Setting next_dagrun for generated_py_do_something to 2025-09-04 00:00:00+00:00, run_after=2025-09-05 00:00:00+00:00
[2025-09-04T13:23:19.736+0000] {processor.py:183} INFO - Processing /opt/airflow/dags/dag_do_something.py took 0.069 seconds
[2025-09-04T13:23:49.966+0000] {processor.py:161} INFO - Started process (PID=1064) to work on /opt/airflow/dags/dag_do_something.py
[2025-09-04T13:23:49.968+0000] {processor.py:830} INFO - Processing file /opt/airflow/dags/dag_do_something.py for tasks to queue
[2025-09-04T13:23:49.972+0000] {logging_mixin.py:188} INFO - [2025-09-04T13:23:49.971+0000] {dagbag.py:545} INFO - Filling up the DagBag from /opt/airflow/dags/dag_do_something.py
[2025-09-04T13:23:49.988+0000] {processor.py:840} INFO - DAG(s) 'generated_py_do_something' retrieved from /opt/airflow/dags/dag_do_something.py
[2025-09-04T13:23:50.020+0000] {logging_mixin.py:188} INFO - [2025-09-04T13:23:50.019+0000] {dag.py:3096} INFO - Sync 1 DAGs
[2025-09-04T13:23:50.037+0000] {logging_mixin.py:188} INFO - [2025-09-04T13:23:50.037+0000] {dag.py:3954} INFO - Setting next_dagrun for generated_py_do_something to 2025-09-04 00:00:00+00:00, run_after=2025-09-05 00:00:00+00:00
[2025-09-04T13:23:50.050+0000] {processor.py:183} INFO - Processing /opt/airflow/dags/dag_do_something.py took 0.091 seconds
[2025-09-04T13:24:20.393+0000] {processor.py:161} INFO - Started process (PID=1073) to work on /opt/airflow/dags/dag_do_something.py
[2025-09-04T13:24:20.394+0000] {processor.py:830} INFO - Processing file /opt/airflow/dags/dag_do_something.py for tasks to queue
[2025-09-04T13:24:20.395+0000] {logging_mixin.py:188} INFO - [2025-09-04T13:24:20.395+0000] {dagbag.py:545} INFO - Filling up the DagBag from /opt/airflow/dags/dag_do_something.py
[2025-09-04T13:24:20.412+0000] {processor.py:840} INFO - DAG(s) 'generated_py_do_something' retrieved from /opt/airflow/dags/dag_do_something.py
[2025-09-04T13:24:20.438+0000] {logging_mixin.py:188} INFO - [2025-09-04T13:24:20.438+0000] {dag.py:3096} INFO - Sync 1 DAGs
[2025-09-04T13:24:20.454+0000] {logging_mixin.py:188} INFO - [2025-09-04T13:24:20.454+0000] {dag.py:3954} INFO - Setting next_dagrun for generated_py_do_something to 2025-09-04 00:00:00+00:00, run_after=2025-09-05 00:00:00+00:00
[2025-09-04T13:24:20.465+0000] {processor.py:183} INFO - Processing /opt/airflow/dags/dag_do_something.py took 0.077 seconds
[2025-09-04T13:24:50.796+0000] {processor.py:161} INFO - Started process (PID=1082) to work on /opt/airflow/dags/dag_do_something.py
[2025-09-04T13:24:50.797+0000] {processor.py:830} INFO - Processing file /opt/airflow/dags/dag_do_something.py for tasks to queue
[2025-09-04T13:24:50.799+0000] {logging_mixin.py:188} INFO - [2025-09-04T13:24:50.799+0000] {dagbag.py:545} INFO - Filling up the DagBag from /opt/airflow/dags/dag_do_something.py
[2025-09-04T13:24:50.817+0000] {processor.py:840} INFO - DAG(s) 'generated_py_do_something' retrieved from /opt/airflow/dags/dag_do_something.py
[2025-09-04T13:24:50.839+0000] {logging_mixin.py:188} INFO - [2025-09-04T13:24:50.839+0000] {dag.py:3096} INFO - Sync 1 DAGs
[2025-09-04T13:24:50.851+0000] {logging_mixin.py:188} INFO - [2025-09-04T13:24:50.851+0000] {dag.py:3954} INFO - Setting next_dagrun for generated_py_do_something to 2025-09-04 00:00:00+00:00, run_after=2025-09-05 00:00:00+00:00
[2025-09-04T13:24:50.862+0000] {processor.py:183} INFO - Processing /opt/airflow/dags/dag_do_something.py took 0.073 seconds
[2025-09-04T13:25:21.093+0000] {processor.py:161} INFO - Started process (PID=1091) to work on /opt/airflow/dags/dag_do_something.py
[2025-09-04T13:25:21.094+0000] {processor.py:830} INFO - Processing file /opt/airflow/dags/dag_do_something.py for tasks to queue
[2025-09-04T13:25:21.095+0000] {logging_mixin.py:188} INFO - [2025-09-04T13:25:21.095+0000] {dagbag.py:545} INFO - Filling up the DagBag from /opt/airflow/dags/dag_do_something.py
[2025-09-04T13:25:21.111+0000] {processor.py:840} INFO - DAG(s) 'generated_py_do_something' retrieved from /opt/airflow/dags/dag_do_something.py
[2025-09-04T13:25:21.130+0000] {logging_mixin.py:188} INFO - [2025-09-04T13:25:21.130+0000] {dag.py:3096} INFO - Sync 1 DAGs
[2025-09-04T13:25:21.142+0000] {logging_mixin.py:188} INFO - [2025-09-04T13:25:21.141+0000] {dag.py:3954} INFO - Setting next_dagrun for generated_py_do_something to 2025-09-04 00:00:00+00:00, run_after=2025-09-05 00:00:00+00:00
[2025-09-04T13:25:21.152+0000] {processor.py:183} INFO - Processing /opt/airflow/dags/dag_do_something.py took 0.064 seconds
[2025-09-04T13:25:51.443+0000] {processor.py:161} INFO - Started process (PID=1100) to work on /opt/airflow/dags/dag_do_something.py
[2025-09-04T13:25:51.444+0000] {processor.py:830} INFO - Processing file /opt/airflow/dags/dag_do_something.py for tasks to queue
[2025-09-04T13:25:51.445+0000] {logging_mixin.py:188} INFO - [2025-09-04T13:25:51.445+0000] {dagbag.py:545} INFO - Filling up the DagBag from /opt/airflow/dags/dag_do_something.py
[2025-09-04T13:25:51.459+0000] {processor.py:840} INFO - DAG(s) 'generated_py_do_something' retrieved from /opt/airflow/dags/dag_do_something.py
[2025-09-04T13:25:51.475+0000] {logging_mixin.py:188} INFO - [2025-09-04T13:25:51.475+0000] {dag.py:3096} INFO - Sync 1 DAGs
[2025-09-04T13:25:51.485+0000] {logging_mixin.py:188} INFO - [2025-09-04T13:25:51.485+0000] {dag.py:3954} INFO - Setting next_dagrun for generated_py_do_something to 2025-09-04 00:00:00+00:00, run_after=2025-09-05 00:00:00+00:00
[2025-09-04T13:25:51.600+0000] {processor.py:183} INFO - Processing /opt/airflow/dags/dag_do_something.py took 0.161 seconds
[2025-09-04T13:26:21.906+0000] {processor.py:161} INFO - Started process (PID=1109) to work on /opt/airflow/dags/dag_do_something.py
[2025-09-04T13:26:21.907+0000] {processor.py:830} INFO - Processing file /opt/airflow/dags/dag_do_something.py for tasks to queue
[2025-09-04T13:26:21.908+0000] {logging_mixin.py:188} INFO - [2025-09-04T13:26:21.907+0000] {dagbag.py:545} INFO - Filling up the DagBag from /opt/airflow/dags/dag_do_something.py
[2025-09-04T13:26:21.923+0000] {processor.py:840} INFO - DAG(s) 'generated_py_do_something' retrieved from /opt/airflow/dags/dag_do_something.py
[2025-09-04T13:26:21.942+0000] {logging_mixin.py:188} INFO - [2025-09-04T13:26:21.942+0000] {dag.py:3096} INFO - Sync 1 DAGs
[2025-09-04T13:26:22.091+0000] {logging_mixin.py:188} INFO - [2025-09-04T13:26:22.091+0000] {dag.py:3954} INFO - Setting next_dagrun for generated_py_do_something to 2025-09-04 00:00:00+00:00, run_after=2025-09-05 00:00:00+00:00
[2025-09-04T13:26:22.099+0000] {processor.py:183} INFO - Processing /opt/airflow/dags/dag_do_something.py took 0.198 seconds
[2025-09-04T13:26:52.427+0000] {processor.py:161} INFO - Started process (PID=1118) to work on /opt/airflow/dags/dag_do_something.py
[2025-09-04T13:26:52.428+0000] {processor.py:830} INFO - Processing file /opt/airflow/dags/dag_do_something.py for tasks to queue
[2025-09-04T13:26:52.429+0000] {logging_mixin.py:188} INFO - [2025-09-04T13:26:52.429+0000] {dagbag.py:545} INFO - Filling up the DagBag from /opt/airflow/dags/dag_do_something.py
[2025-09-04T13:26:52.444+0000] {processor.py:840} INFO - DAG(s) 'generated_py_do_something' retrieved from /opt/airflow/dags/dag_do_something.py
[2025-09-04T13:26:52.460+0000] {logging_mixin.py:188} INFO - [2025-09-04T13:26:52.460+0000] {dag.py:3096} INFO - Sync 1 DAGs
[2025-09-04T13:26:52.472+0000] {logging_mixin.py:188} INFO - [2025-09-04T13:26:52.472+0000] {dag.py:3954} INFO - Setting next_dagrun for generated_py_do_something to 2025-09-04 00:00:00+00:00, run_after=2025-09-05 00:00:00+00:00
[2025-09-04T13:26:52.481+0000] {processor.py:183} INFO - Processing /opt/airflow/dags/dag_do_something.py took 0.059 seconds
[2025-09-04T13:27:22.716+0000] {processor.py:161} INFO - Started process (PID=1127) to work on /opt/airflow/dags/dag_do_something.py
[2025-09-04T13:27:22.719+0000] {processor.py:830} INFO - Processing file /opt/airflow/dags/dag_do_something.py for tasks to queue
[2025-09-04T13:27:22.720+0000] {logging_mixin.py:188} INFO - [2025-09-04T13:27:22.720+0000] {dagbag.py:545} INFO - Filling up the DagBag from /opt/airflow/dags/dag_do_something.py
[2025-09-04T13:27:22.732+0000] {processor.py:840} INFO - DAG(s) 'generated_py_do_something' retrieved from /opt/airflow/dags/dag_do_something.py
[2025-09-04T13:27:22.751+0000] {logging_mixin.py:188} INFO - [2025-09-04T13:27:22.751+0000] {dag.py:3096} INFO - Sync 1 DAGs
[2025-09-04T13:27:22.766+0000] {logging_mixin.py:188} INFO - [2025-09-04T13:27:22.766+0000] {dag.py:3954} INFO - Setting next_dagrun for generated_py_do_something to 2025-09-04 00:00:00+00:00, run_after=2025-09-05 00:00:00+00:00
[2025-09-04T13:27:22.780+0000] {processor.py:183} INFO - Processing /opt/airflow/dags/dag_do_something.py took 0.067 seconds
[2025-09-04T13:27:53.071+0000] {processor.py:161} INFO - Started process (PID=1136) to work on /opt/airflow/dags/dag_do_something.py
[2025-09-04T13:27:53.072+0000] {processor.py:830} INFO - Processing file /opt/airflow/dags/dag_do_something.py for tasks to queue
[2025-09-04T13:27:53.073+0000] {logging_mixin.py:188} INFO - [2025-09-04T13:27:53.073+0000] {dagbag.py:545} INFO - Filling up the DagBag from /opt/airflow/dags/dag_do_something.py
[2025-09-04T13:27:53.096+0000] {processor.py:840} INFO - DAG(s) 'generated_py_do_something' retrieved from /opt/airflow/dags/dag_do_something.py
[2025-09-04T13:27:53.128+0000] {logging_mixin.py:188} INFO - [2025-09-04T13:27:53.128+0000] {dag.py:3096} INFO - Sync 1 DAGs
[2025-09-04T13:27:53.146+0000] {logging_mixin.py:188} INFO - [2025-09-04T13:27:53.146+0000] {dag.py:3954} INFO - Setting next_dagrun for generated_py_do_something to 2025-09-04 00:00:00+00:00, run_after=2025-09-05 00:00:00+00:00
[2025-09-04T13:27:53.159+0000] {processor.py:183} INFO - Processing /opt/airflow/dags/dag_do_something.py took 0.095 seconds
[2025-09-04T13:28:23.435+0000] {processor.py:161} INFO - Started process (PID=1145) to work on /opt/airflow/dags/dag_do_something.py
[2025-09-04T13:28:23.436+0000] {processor.py:830} INFO - Processing file /opt/airflow/dags/dag_do_something.py for tasks to queue
[2025-09-04T13:28:23.437+0000] {logging_mixin.py:188} INFO - [2025-09-04T13:28:23.437+0000] {dagbag.py:545} INFO - Filling up the DagBag from /opt/airflow/dags/dag_do_something.py
[2025-09-04T13:28:23.451+0000] {processor.py:840} INFO - DAG(s) 'generated_py_do_something' retrieved from /opt/airflow/dags/dag_do_something.py
[2025-09-04T13:28:23.473+0000] {logging_mixin.py:188} INFO - [2025-09-04T13:28:23.473+0000] {dag.py:3096} INFO - Sync 1 DAGs
[2025-09-04T13:28:23.484+0000] {logging_mixin.py:188} INFO - [2025-09-04T13:28:23.484+0000] {dag.py:3954} INFO - Setting next_dagrun for generated_py_do_something to 2025-09-04 00:00:00+00:00, run_after=2025-09-05 00:00:00+00:00
[2025-09-04T13:28:23.494+0000] {processor.py:183} INFO - Processing /opt/airflow/dags/dag_do_something.py took 0.064 seconds
[2025-09-04T13:28:53.781+0000] {processor.py:161} INFO - Started process (PID=1154) to work on /opt/airflow/dags/dag_do_something.py
[2025-09-04T13:28:53.782+0000] {processor.py:830} INFO - Processing file /opt/airflow/dags/dag_do_something.py for tasks to queue
[2025-09-04T13:28:53.783+0000] {logging_mixin.py:188} INFO - [2025-09-04T13:28:53.783+0000] {dagbag.py:545} INFO - Filling up the DagBag from /opt/airflow/dags/dag_do_something.py
[2025-09-04T13:28:53.802+0000] {processor.py:840} INFO - DAG(s) 'generated_py_do_something' retrieved from /opt/airflow/dags/dag_do_something.py
[2025-09-04T13:28:53.823+0000] {logging_mixin.py:188} INFO - [2025-09-04T13:28:53.823+0000] {dag.py:3096} INFO - Sync 1 DAGs
[2025-09-04T13:28:53.834+0000] {logging_mixin.py:188} INFO - [2025-09-04T13:28:53.834+0000] {dag.py:3954} INFO - Setting next_dagrun for generated_py_do_something to 2025-09-04 00:00:00+00:00, run_after=2025-09-05 00:00:00+00:00
[2025-09-04T13:28:53.844+0000] {processor.py:183} INFO - Processing /opt/airflow/dags/dag_do_something.py took 0.069 seconds
[2025-09-04T13:29:24.204+0000] {processor.py:161} INFO - Started process (PID=1163) to work on /opt/airflow/dags/dag_do_something.py
[2025-09-04T13:29:24.205+0000] {processor.py:830} INFO - Processing file /opt/airflow/dags/dag_do_something.py for tasks to queue
[2025-09-04T13:29:24.206+0000] {logging_mixin.py:188} INFO - [2025-09-04T13:29:24.205+0000] {dagbag.py:545} INFO - Filling up the DagBag from /opt/airflow/dags/dag_do_something.py
[2025-09-04T13:29:24.221+0000] {processor.py:840} INFO - DAG(s) 'generated_py_do_something' retrieved from /opt/airflow/dags/dag_do_something.py
[2025-09-04T13:29:24.238+0000] {logging_mixin.py:188} INFO - [2025-09-04T13:29:24.238+0000] {dag.py:3096} INFO - Sync 1 DAGs
[2025-09-04T13:29:24.253+0000] {logging_mixin.py:188} INFO - [2025-09-04T13:29:24.253+0000] {dag.py:3954} INFO - Setting next_dagrun for generated_py_do_something to 2025-09-04 00:00:00+00:00, run_after=2025-09-05 00:00:00+00:00
[2025-09-04T13:29:24.262+0000] {processor.py:183} INFO - Processing /opt/airflow/dags/dag_do_something.py took 0.065 seconds
[2025-09-04T13:29:54.589+0000] {processor.py:161} INFO - Started process (PID=1172) to work on /opt/airflow/dags/dag_do_something.py
[2025-09-04T13:29:54.590+0000] {processor.py:830} INFO - Processing file /opt/airflow/dags/dag_do_something.py for tasks to queue
[2025-09-04T13:29:54.590+0000] {logging_mixin.py:188} INFO - [2025-09-04T13:29:54.590+0000] {dagbag.py:545} INFO - Filling up the DagBag from /opt/airflow/dags/dag_do_something.py
[2025-09-04T13:29:54.604+0000] {processor.py:840} INFO - DAG(s) 'generated_py_do_something' retrieved from /opt/airflow/dags/dag_do_something.py
[2025-09-04T13:29:54.621+0000] {logging_mixin.py:188} INFO - [2025-09-04T13:29:54.621+0000] {dag.py:3096} INFO - Sync 1 DAGs
[2025-09-04T13:29:54.633+0000] {logging_mixin.py:188} INFO - [2025-09-04T13:29:54.633+0000] {dag.py:3954} INFO - Setting next_dagrun for generated_py_do_something to 2025-09-04 00:00:00+00:00, run_after=2025-09-05 00:00:00+00:00
[2025-09-04T13:29:54.643+0000] {processor.py:183} INFO - Processing /opt/airflow/dags/dag_do_something.py took 0.060 seconds
[2025-09-04T13:30:24.891+0000] {processor.py:161} INFO - Started process (PID=1181) to work on /opt/airflow/dags/dag_do_something.py
[2025-09-04T13:30:24.892+0000] {processor.py:830} INFO - Processing file /opt/airflow/dags/dag_do_something.py for tasks to queue
[2025-09-04T13:30:24.893+0000] {logging_mixin.py:188} INFO - [2025-09-04T13:30:24.893+0000] {dagbag.py:545} INFO - Filling up the DagBag from /opt/airflow/dags/dag_do_something.py
[2025-09-04T13:30:24.908+0000] {processor.py:840} INFO - DAG(s) 'generated_py_do_something' retrieved from /opt/airflow/dags/dag_do_something.py
[2025-09-04T13:30:24.927+0000] {logging_mixin.py:188} INFO - [2025-09-04T13:30:24.927+0000] {dag.py:3096} INFO - Sync 1 DAGs
[2025-09-04T13:30:24.943+0000] {logging_mixin.py:188} INFO - [2025-09-04T13:30:24.943+0000] {dag.py:3954} INFO - Setting next_dagrun for generated_py_do_something to 2025-09-04 00:00:00+00:00, run_after=2025-09-05 00:00:00+00:00
[2025-09-04T13:30:24.956+0000] {processor.py:183} INFO - Processing /opt/airflow/dags/dag_do_something.py took 0.070 seconds
[2025-09-04T13:30:55.227+0000] {processor.py:161} INFO - Started process (PID=1190) to work on /opt/airflow/dags/dag_do_something.py
[2025-09-04T13:30:55.228+0000] {processor.py:830} INFO - Processing file /opt/airflow/dags/dag_do_something.py for tasks to queue
[2025-09-04T13:30:55.231+0000] {logging_mixin.py:188} INFO - [2025-09-04T13:30:55.229+0000] {dagbag.py:545} INFO - Filling up the DagBag from /opt/airflow/dags/dag_do_something.py
[2025-09-04T13:30:55.260+0000] {processor.py:840} INFO - DAG(s) 'generated_py_do_something' retrieved from /opt/airflow/dags/dag_do_something.py
[2025-09-04T13:30:55.308+0000] {logging_mixin.py:188} INFO - [2025-09-04T13:30:55.308+0000] {dag.py:3096} INFO - Sync 1 DAGs
[2025-09-04T13:30:55.327+0000] {logging_mixin.py:188} INFO - [2025-09-04T13:30:55.327+0000] {dag.py:3954} INFO - Setting next_dagrun for generated_py_do_something to 2025-09-04 00:00:00+00:00, run_after=2025-09-05 00:00:00+00:00
[2025-09-04T13:30:55.340+0000] {processor.py:183} INFO - Processing /opt/airflow/dags/dag_do_something.py took 0.120 seconds
[2025-09-04T13:31:25.528+0000] {processor.py:161} INFO - Started process (PID=1199) to work on /opt/airflow/dags/dag_do_something.py
[2025-09-04T13:31:25.529+0000] {processor.py:830} INFO - Processing file /opt/airflow/dags/dag_do_something.py for tasks to queue
[2025-09-04T13:31:25.529+0000] {logging_mixin.py:188} INFO - [2025-09-04T13:31:25.529+0000] {dagbag.py:545} INFO - Filling up the DagBag from /opt/airflow/dags/dag_do_something.py
[2025-09-04T13:31:25.539+0000] {processor.py:840} INFO - DAG(s) 'generated_py_do_something' retrieved from /opt/airflow/dags/dag_do_something.py
[2025-09-04T13:31:25.556+0000] {logging_mixin.py:188} INFO - [2025-09-04T13:31:25.556+0000] {dag.py:3096} INFO - Sync 1 DAGs
[2025-09-04T13:31:25.569+0000] {logging_mixin.py:188} INFO - [2025-09-04T13:31:25.569+0000] {dag.py:3954} INFO - Setting next_dagrun for generated_py_do_something to 2025-09-04 00:00:00+00:00, run_after=2025-09-05 00:00:00+00:00
[2025-09-04T13:31:25.579+0000] {processor.py:183} INFO - Processing /opt/airflow/dags/dag_do_something.py took 0.054 seconds
[2025-09-04T13:31:55.900+0000] {processor.py:161} INFO - Started process (PID=1208) to work on /opt/airflow/dags/dag_do_something.py
[2025-09-04T13:31:55.902+0000] {processor.py:830} INFO - Processing file /opt/airflow/dags/dag_do_something.py for tasks to queue
[2025-09-04T13:31:55.903+0000] {logging_mixin.py:188} INFO - [2025-09-04T13:31:55.903+0000] {dagbag.py:545} INFO - Filling up the DagBag from /opt/airflow/dags/dag_do_something.py
[2025-09-04T13:31:55.914+0000] {processor.py:840} INFO - DAG(s) 'generated_py_do_something' retrieved from /opt/airflow/dags/dag_do_something.py
[2025-09-04T13:31:55.928+0000] {logging_mixin.py:188} INFO - [2025-09-04T13:31:55.928+0000] {dag.py:3096} INFO - Sync 1 DAGs
[2025-09-04T13:31:55.940+0000] {logging_mixin.py:188} INFO - [2025-09-04T13:31:55.940+0000] {dag.py:3954} INFO - Setting next_dagrun for generated_py_do_something to 2025-09-04 00:00:00+00:00, run_after=2025-09-05 00:00:00+00:00
[2025-09-04T13:31:55.951+0000] {processor.py:183} INFO - Processing /opt/airflow/dags/dag_do_something.py took 0.057 seconds
[2025-09-04T13:32:26.285+0000] {processor.py:161} INFO - Started process (PID=1217) to work on /opt/airflow/dags/dag_do_something.py
[2025-09-04T13:32:26.286+0000] {processor.py:830} INFO - Processing file /opt/airflow/dags/dag_do_something.py for tasks to queue
[2025-09-04T13:32:26.287+0000] {logging_mixin.py:188} INFO - [2025-09-04T13:32:26.287+0000] {dagbag.py:545} INFO - Filling up the DagBag from /opt/airflow/dags/dag_do_something.py
[2025-09-04T13:32:26.298+0000] {processor.py:840} INFO - DAG(s) 'generated_py_do_something' retrieved from /opt/airflow/dags/dag_do_something.py
[2025-09-04T13:32:26.317+0000] {logging_mixin.py:188} INFO - [2025-09-04T13:32:26.316+0000] {dag.py:3096} INFO - Sync 1 DAGs
[2025-09-04T13:32:26.327+0000] {logging_mixin.py:188} INFO - [2025-09-04T13:32:26.327+0000] {dag.py:3954} INFO - Setting next_dagrun for generated_py_do_something to 2025-09-04 00:00:00+00:00, run_after=2025-09-05 00:00:00+00:00
[2025-09-04T13:32:26.336+0000] {processor.py:183} INFO - Processing /opt/airflow/dags/dag_do_something.py took 0.054 seconds
[2025-09-04T13:32:56.617+0000] {processor.py:161} INFO - Started process (PID=1226) to work on /opt/airflow/dags/dag_do_something.py
[2025-09-04T13:32:56.618+0000] {processor.py:830} INFO - Processing file /opt/airflow/dags/dag_do_something.py for tasks to queue
[2025-09-04T13:32:56.619+0000] {logging_mixin.py:188} INFO - [2025-09-04T13:32:56.619+0000] {dagbag.py:545} INFO - Filling up the DagBag from /opt/airflow/dags/dag_do_something.py
[2025-09-04T13:32:56.635+0000] {processor.py:840} INFO - DAG(s) 'generated_py_do_something' retrieved from /opt/airflow/dags/dag_do_something.py
[2025-09-04T13:32:56.655+0000] {logging_mixin.py:188} INFO - [2025-09-04T13:32:56.655+0000] {dag.py:3096} INFO - Sync 1 DAGs
[2025-09-04T13:32:56.666+0000] {logging_mixin.py:188} INFO - [2025-09-04T13:32:56.666+0000] {dag.py:3954} INFO - Setting next_dagrun for generated_py_do_something to 2025-09-04 00:00:00+00:00, run_after=2025-09-05 00:00:00+00:00
[2025-09-04T13:32:56.676+0000] {processor.py:183} INFO - Processing /opt/airflow/dags/dag_do_something.py took 0.065 seconds
[2025-09-04T13:33:26.900+0000] {processor.py:161} INFO - Started process (PID=1235) to work on /opt/airflow/dags/dag_do_something.py
[2025-09-04T13:33:26.901+0000] {processor.py:830} INFO - Processing file /opt/airflow/dags/dag_do_something.py for tasks to queue
[2025-09-04T13:33:26.901+0000] {logging_mixin.py:188} INFO - [2025-09-04T13:33:26.901+0000] {dagbag.py:545} INFO - Filling up the DagBag from /opt/airflow/dags/dag_do_something.py
[2025-09-04T13:33:26.914+0000] {processor.py:840} INFO - DAG(s) 'generated_py_do_something' retrieved from /opt/airflow/dags/dag_do_something.py
[2025-09-04T13:33:26.931+0000] {logging_mixin.py:188} INFO - [2025-09-04T13:33:26.931+0000] {dag.py:3096} INFO - Sync 1 DAGs
[2025-09-04T13:33:26.950+0000] {logging_mixin.py:188} INFO - [2025-09-04T13:33:26.950+0000] {dag.py:3954} INFO - Setting next_dagrun for generated_py_do_something to 2025-09-04 00:00:00+00:00, run_after=2025-09-05 00:00:00+00:00
[2025-09-04T13:33:26.975+0000] {processor.py:183} INFO - Processing /opt/airflow/dags/dag_do_something.py took 0.080 seconds
[2025-09-04T13:33:57.330+0000] {processor.py:161} INFO - Started process (PID=1244) to work on /opt/airflow/dags/dag_do_something.py
[2025-09-04T13:33:57.336+0000] {processor.py:830} INFO - Processing file /opt/airflow/dags/dag_do_something.py for tasks to queue
[2025-09-04T13:33:57.338+0000] {logging_mixin.py:188} INFO - [2025-09-04T13:33:57.338+0000] {dagbag.py:545} INFO - Filling up the DagBag from /opt/airflow/dags/dag_do_something.py
[2025-09-04T13:33:57.351+0000] {processor.py:840} INFO - DAG(s) 'generated_py_do_something' retrieved from /opt/airflow/dags/dag_do_something.py
[2025-09-04T13:33:57.369+0000] {logging_mixin.py:188} INFO - [2025-09-04T13:33:57.369+0000] {dag.py:3096} INFO - Sync 1 DAGs
[2025-09-04T13:33:57.379+0000] {logging_mixin.py:188} INFO - [2025-09-04T13:33:57.378+0000] {dag.py:3954} INFO - Setting next_dagrun for generated_py_do_something to 2025-09-04 00:00:00+00:00, run_after=2025-09-05 00:00:00+00:00
[2025-09-04T13:33:57.389+0000] {processor.py:183} INFO - Processing /opt/airflow/dags/dag_do_something.py took 0.067 seconds
[2025-09-04T13:34:27.708+0000] {processor.py:161} INFO - Started process (PID=1254) to work on /opt/airflow/dags/dag_do_something.py
[2025-09-04T13:34:27.712+0000] {processor.py:830} INFO - Processing file /opt/airflow/dags/dag_do_something.py for tasks to queue
[2025-09-04T13:34:27.714+0000] {logging_mixin.py:188} INFO - [2025-09-04T13:34:27.713+0000] {dagbag.py:545} INFO - Filling up the DagBag from /opt/airflow/dags/dag_do_something.py
[2025-09-04T13:34:27.724+0000] {processor.py:840} INFO - DAG(s) 'generated_py_do_something' retrieved from /opt/airflow/dags/dag_do_something.py
[2025-09-04T13:34:27.746+0000] {logging_mixin.py:188} INFO - [2025-09-04T13:34:27.745+0000] {dag.py:3096} INFO - Sync 1 DAGs
[2025-09-04T13:34:27.758+0000] {logging_mixin.py:188} INFO - [2025-09-04T13:34:27.758+0000] {dag.py:3954} INFO - Setting next_dagrun for generated_py_do_something to 2025-09-04 00:00:00+00:00, run_after=2025-09-05 00:00:00+00:00
[2025-09-04T13:34:27.763+0000] {processor.py:183} INFO - Processing /opt/airflow/dags/dag_do_something.py took 0.078 seconds
[2025-09-04T13:34:58.105+0000] {processor.py:161} INFO - Started process (PID=1264) to work on /opt/airflow/dags/dag_do_something.py
[2025-09-04T13:34:58.107+0000] {processor.py:830} INFO - Processing file /opt/airflow/dags/dag_do_something.py for tasks to queue
[2025-09-04T13:34:58.110+0000] {logging_mixin.py:188} INFO - [2025-09-04T13:34:58.109+0000] {dagbag.py:545} INFO - Filling up the DagBag from /opt/airflow/dags/dag_do_something.py
[2025-09-04T13:34:58.153+0000] {processor.py:840} INFO - DAG(s) 'generated_py_do_something' retrieved from /opt/airflow/dags/dag_do_something.py
[2025-09-04T13:34:58.203+0000] {logging_mixin.py:188} INFO - [2025-09-04T13:34:58.203+0000] {dag.py:3096} INFO - Sync 1 DAGs
[2025-09-04T13:34:58.234+0000] {logging_mixin.py:188} INFO - [2025-09-04T13:34:58.234+0000] {dag.py:3954} INFO - Setting next_dagrun for generated_py_do_something to 2025-09-04 00:00:00+00:00, run_after=2025-09-05 00:00:00+00:00
[2025-09-04T13:34:58.264+0000] {processor.py:183} INFO - Processing /opt/airflow/dags/dag_do_something.py took 0.169 seconds
