[2025-09-04T13:34:01.383+0000] {processor.py:161} INFO - Started process (PID=1245) to work on /opt/airflow/dags/dag_read_line.py
[2025-09-04T13:34:01.384+0000] {processor.py:830} INFO - Processing file /opt/airflow/dags/dag_read_line.py for tasks to queue
[2025-09-04T13:34:01.384+0000] {logging_mixin.py:188} INFO - [2025-09-04T13:34:01.384+0000] {dagbag.py:545} INFO - Filling up the DagBag from /opt/airflow/dags/dag_read_line.py
[2025-09-04T13:34:01.394+0000] {processor.py:840} INFO - DAG(s) 'generated_py_read_line' retrieved from /opt/airflow/dags/dag_read_line.py
[2025-09-04T13:34:01.446+0000] {logging_mixin.py:188} INFO - [2025-09-04T13:34:01.446+0000] {override.py:1829} INFO - Created Permission View: can read on DAG:generated_py_read_line
[2025-09-04T13:34:01.449+0000] {logging_mixin.py:188} INFO - [2025-09-04T13:34:01.449+0000] {override.py:1829} INFO - Created Permission View: can delete on DAG:generated_py_read_line
[2025-09-04T13:34:01.451+0000] {logging_mixin.py:188} INFO - [2025-09-04T13:34:01.451+0000] {override.py:1829} INFO - Created Permission View: can edit on DAG:generated_py_read_line
[2025-09-04T13:34:01.451+0000] {logging_mixin.py:188} INFO - [2025-09-04T13:34:01.451+0000] {dag.py:3096} INFO - Sync 1 DAGs
[2025-09-04T13:34:01.455+0000] {logging_mixin.py:188} INFO - [2025-09-04T13:34:01.455+0000] {dag.py:3118} INFO - Creating ORM DAG for generated_py_read_line
[2025-09-04T13:34:01.459+0000] {logging_mixin.py:188} INFO - [2025-09-04T13:34:01.459+0000] {dag.py:3954} INFO - Setting next_dagrun for generated_py_read_line to 2025-09-04 00:00:00+00:00, run_after=2025-09-05 00:00:00+00:00
[2025-09-04T13:34:01.465+0000] {processor.py:183} INFO - Processing /opt/airflow/dags/dag_read_line.py took 0.086 seconds
[2025-09-04T13:34:31.800+0000] {processor.py:161} INFO - Started process (PID=1255) to work on /opt/airflow/dags/dag_read_line.py
[2025-09-04T13:34:31.800+0000] {processor.py:830} INFO - Processing file /opt/airflow/dags/dag_read_line.py for tasks to queue
[2025-09-04T13:34:31.801+0000] {logging_mixin.py:188} INFO - [2025-09-04T13:34:31.800+0000] {dagbag.py:545} INFO - Filling up the DagBag from /opt/airflow/dags/dag_read_line.py
[2025-09-04T13:34:31.808+0000] {processor.py:840} INFO - DAG(s) 'generated_py_read_line' retrieved from /opt/airflow/dags/dag_read_line.py
[2025-09-04T13:34:31.820+0000] {logging_mixin.py:188} INFO - [2025-09-04T13:34:31.820+0000] {dag.py:3096} INFO - Sync 1 DAGs
[2025-09-04T13:34:31.828+0000] {logging_mixin.py:188} INFO - [2025-09-04T13:34:31.828+0000] {dag.py:3954} INFO - Setting next_dagrun for generated_py_read_line to 2025-09-04 00:00:00+00:00, run_after=2025-09-05 00:00:00+00:00
[2025-09-04T13:34:31.833+0000] {processor.py:183} INFO - Processing /opt/airflow/dags/dag_read_line.py took 0.037 seconds
[2025-09-04T13:35:02.164+0000] {processor.py:161} INFO - Started process (PID=1265) to work on /opt/airflow/dags/dag_read_line.py
[2025-09-04T13:35:02.165+0000] {processor.py:830} INFO - Processing file /opt/airflow/dags/dag_read_line.py for tasks to queue
[2025-09-04T13:35:02.166+0000] {logging_mixin.py:188} INFO - [2025-09-04T13:35:02.165+0000] {dagbag.py:545} INFO - Filling up the DagBag from /opt/airflow/dags/dag_read_line.py
[2025-09-04T13:35:02.177+0000] {processor.py:840} INFO - DAG(s) 'generated_py_read_line' retrieved from /opt/airflow/dags/dag_read_line.py
[2025-09-04T13:35:02.198+0000] {logging_mixin.py:188} INFO - [2025-09-04T13:35:02.198+0000] {dag.py:3096} INFO - Sync 1 DAGs
[2025-09-04T13:35:02.208+0000] {logging_mixin.py:188} INFO - [2025-09-04T13:35:02.208+0000] {dag.py:3954} INFO - Setting next_dagrun for generated_py_read_line to 2025-09-04 00:00:00+00:00, run_after=2025-09-05 00:00:00+00:00
[2025-09-04T13:35:02.215+0000] {processor.py:183} INFO - Processing /opt/airflow/dags/dag_read_line.py took 0.058 seconds
