[2025-09-04T12:19:51.082+0000] {local_task_job_runner.py:120} INFO - ::group::Pre task execution logs
[2025-09-04T12:19:51.092+0000] {taskinstance.py:2076} INFO - Dependencies all met for dep_context=non-requeueable deps ti=<TaskInstance: generated_py_do_something.printing manual__2025-09-04T12:19:49.117924+00:00 [queued]>
[2025-09-04T12:19:51.094+0000] {taskinstance.py:2076} INFO - Dependencies all met for dep_context=requeueable deps ti=<TaskInstance: generated_py_do_something.printing manual__2025-09-04T12:19:49.117924+00:00 [queued]>
[2025-09-04T12:19:51.095+0000] {taskinstance.py:2306} INFO - Starting attempt 1 of 4
[2025-09-04T12:19:51.100+0000] {taskinstance.py:2330} INFO - Executing <Task(PythonOperator): printing> on 2025-09-04 12:19:49.117924+00:00
[2025-09-04T12:19:51.102+0000] {warnings.py:112} WARNING - /home/***/.local/lib/python3.12/site-packages/***/task/task_runner/standard_task_runner.py:61: DeprecationWarning: This process (pid=73) is multi-threaded, use of fork() may lead to deadlocks in the child.
  pid = os.fork()

[2025-09-04T12:19:51.102+0000] {standard_task_runner.py:63} INFO - Started process 74 to run task
[2025-09-04T12:19:51.103+0000] {standard_task_runner.py:90} INFO - Running: ['***', 'tasks', 'run', 'generated_py_do_something', 'printing', 'manual__2025-09-04T12:19:49.117924+00:00', '--job-id', '74', '--raw', '--subdir', 'DAGS_FOLDER/dag_do_something.py', '--cfg-path', '/tmp/tmp6k4f_hs2']
[2025-09-04T12:19:51.103+0000] {standard_task_runner.py:91} INFO - Job 74: Subtask printing
[2025-09-04T12:19:51.138+0000] {task_command.py:426} INFO - Running <TaskInstance: generated_py_do_something.printing manual__2025-09-04T12:19:49.117924+00:00 [running]> on host ade5f5069171
[2025-09-04T12:19:51.181+0000] {taskinstance.py:2648} INFO - Exporting env vars: AIRFLOW_CTX_DAG_OWNER='data_team' AIRFLOW_CTX_DAG_ID='generated_py_do_something' AIRFLOW_CTX_TASK_ID='printing' AIRFLOW_CTX_EXECUTION_DATE='2025-09-04T12:19:49.117924+00:00' AIRFLOW_CTX_TRY_NUMBER='1' AIRFLOW_CTX_DAG_RUN_ID='manual__2025-09-04T12:19:49.117924+00:00'
[2025-09-04T12:19:51.181+0000] {taskinstance.py:430} INFO - ::endgroup::
[2025-09-04T12:19:51.185+0000] {logging_mixin.py:188} INFO - Hello, World!
[2025-09-04T12:19:51.185+0000] {python.py:237} INFO - Done. Returned value was: None
[2025-09-04T12:19:51.186+0000] {taskinstance.py:441} INFO - ::group::Post task execution logs
[2025-09-04T12:19:51.189+0000] {taskinstance.py:1206} INFO - Marking task as SUCCESS. dag_id=generated_py_do_something, task_id=printing, run_id=manual__2025-09-04T12:19:49.117924+00:00, execution_date=20250904T121949, start_date=20250904T121951, end_date=20250904T121951
[2025-09-04T12:19:51.202+0000] {local_task_job_runner.py:240} INFO - Task exited with return code 0
[2025-09-04T12:19:51.207+0000] {taskinstance.py:3503} INFO - 0 downstream tasks scheduled from follow-on schedule check
[2025-09-04T12:19:51.207+0000] {local_task_job_runner.py:222} INFO - ::endgroup::
