[2025-08-12T20:21:46.887+0000] {processor.py:161} INFO - Started process (PID=38) to work on /opt/airflow/dags/main.py
[2025-08-12T20:21:46.888+0000] {processor.py:830} INFO - Processing file /opt/airflow/dags/main.py for tasks to queue
[2025-08-12T20:21:46.901+0000] {logging_mixin.py:188} INFO - [2025-08-12T20:21:46.901+0000] {dagbag.py:545} INFO - Filling up the DagBag from /opt/airflow/dags/main.py
[2025-08-12T20:21:47.048+0000] {processor.py:840} INFO - DAG(s) 'main' retrieved from /opt/airflow/dags/main.py
[2025-08-12T20:21:47.226+0000] {logging_mixin.py:188} INFO - [2025-08-12T20:21:47.226+0000] {override.py:1829} INFO - Created Permission View: can read on DAG:main
[2025-08-12T20:21:47.232+0000] {logging_mixin.py:188} INFO - [2025-08-12T20:21:47.232+0000] {override.py:1829} INFO - Created Permission View: can delete on DAG:main
[2025-08-12T20:21:47.238+0000] {logging_mixin.py:188} INFO - [2025-08-12T20:21:47.238+0000] {override.py:1829} INFO - Created Permission View: can edit on DAG:main
[2025-08-12T20:21:47.238+0000] {logging_mixin.py:188} INFO - [2025-08-12T20:21:47.238+0000] {dag.py:3096} INFO - Sync 1 DAGs
[2025-08-12T20:21:47.244+0000] {logging_mixin.py:188} INFO - [2025-08-12T20:21:47.244+0000] {dag.py:3118} INFO - Creating ORM DAG for main
[2025-08-12T20:21:47.250+0000] {logging_mixin.py:188} INFO - [2025-08-12T20:21:47.250+0000] {dag.py:3954} INFO - Setting next_dagrun for main to 2025-08-11 00:00:00+00:00, run_after=2025-08-12 00:00:00+00:00
[2025-08-12T20:21:47.262+0000] {processor.py:183} INFO - Processing /opt/airflow/dags/main.py took 0.380 seconds
[2025-08-12T20:22:17.463+0000] {processor.py:161} INFO - Started process (PID=45) to work on /opt/airflow/dags/main.py
[2025-08-12T20:22:17.464+0000] {processor.py:830} INFO - Processing file /opt/airflow/dags/main.py for tasks to queue
[2025-08-12T20:22:17.467+0000] {logging_mixin.py:188} INFO - [2025-08-12T20:22:17.467+0000] {dagbag.py:545} INFO - Filling up the DagBag from /opt/airflow/dags/main.py
[2025-08-12T20:22:17.545+0000] {processor.py:840} INFO - DAG(s) 'main' retrieved from /opt/airflow/dags/main.py
[2025-08-12T20:22:17.557+0000] {logging_mixin.py:188} INFO - [2025-08-12T20:22:17.557+0000] {dag.py:3096} INFO - Sync 1 DAGs
[2025-08-12T20:22:17.571+0000] {logging_mixin.py:188} INFO - [2025-08-12T20:22:17.571+0000] {dag.py:3954} INFO - Setting next_dagrun for main to 2025-08-11 00:00:00+00:00, run_after=2025-08-12 00:00:00+00:00
[2025-08-12T20:22:17.581+0000] {processor.py:183} INFO - Processing /opt/airflow/dags/main.py took 0.124 seconds
[2025-08-12T20:22:47.680+0000] {processor.py:161} INFO - Started process (PID=52) to work on /opt/airflow/dags/main.py
[2025-08-12T20:22:47.680+0000] {processor.py:830} INFO - Processing file /opt/airflow/dags/main.py for tasks to queue
[2025-08-12T20:22:47.682+0000] {logging_mixin.py:188} INFO - [2025-08-12T20:22:47.682+0000] {dagbag.py:545} INFO - Filling up the DagBag from /opt/airflow/dags/main.py
[2025-08-12T20:22:47.746+0000] {processor.py:840} INFO - DAG(s) 'main' retrieved from /opt/airflow/dags/main.py
[2025-08-12T20:22:47.755+0000] {logging_mixin.py:188} INFO - [2025-08-12T20:22:47.755+0000] {dag.py:3096} INFO - Sync 1 DAGs
[2025-08-12T20:22:47.762+0000] {logging_mixin.py:188} INFO - [2025-08-12T20:22:47.762+0000] {dag.py:3954} INFO - Setting next_dagrun for main to 2025-08-11 00:00:00+00:00, run_after=2025-08-12 00:00:00+00:00
[2025-08-12T20:22:47.767+0000] {processor.py:183} INFO - Processing /opt/airflow/dags/main.py took 0.093 seconds
[2025-08-12T20:23:17.944+0000] {processor.py:161} INFO - Started process (PID=59) to work on /opt/airflow/dags/main.py
[2025-08-12T20:23:17.944+0000] {processor.py:830} INFO - Processing file /opt/airflow/dags/main.py for tasks to queue
[2025-08-12T20:23:17.946+0000] {logging_mixin.py:188} INFO - [2025-08-12T20:23:17.946+0000] {dagbag.py:545} INFO - Filling up the DagBag from /opt/airflow/dags/main.py
[2025-08-12T20:23:18.015+0000] {processor.py:840} INFO - DAG(s) 'main' retrieved from /opt/airflow/dags/main.py
[2025-08-12T20:23:18.027+0000] {logging_mixin.py:188} INFO - [2025-08-12T20:23:18.027+0000] {dag.py:3096} INFO - Sync 1 DAGs
[2025-08-12T20:23:18.035+0000] {logging_mixin.py:188} INFO - [2025-08-12T20:23:18.035+0000] {dag.py:3954} INFO - Setting next_dagrun for main to 2025-08-12 00:00:00+00:00, run_after=2025-08-13 00:00:00+00:00
[2025-08-12T20:23:18.042+0000] {processor.py:183} INFO - Processing /opt/airflow/dags/main.py took 0.111 seconds
[2025-08-12T20:23:48.113+0000] {processor.py:161} INFO - Started process (PID=66) to work on /opt/airflow/dags/main.py
[2025-08-12T20:23:48.113+0000] {processor.py:830} INFO - Processing file /opt/airflow/dags/main.py for tasks to queue
[2025-08-12T20:23:48.115+0000] {logging_mixin.py:188} INFO - [2025-08-12T20:23:48.115+0000] {dagbag.py:545} INFO - Filling up the DagBag from /opt/airflow/dags/main.py
[2025-08-12T20:23:48.171+0000] {processor.py:840} INFO - DAG(s) 'main' retrieved from /opt/airflow/dags/main.py
[2025-08-12T20:23:48.182+0000] {logging_mixin.py:188} INFO - [2025-08-12T20:23:48.182+0000] {dag.py:3096} INFO - Sync 1 DAGs
[2025-08-12T20:23:48.189+0000] {logging_mixin.py:188} INFO - [2025-08-12T20:23:48.189+0000] {dag.py:3954} INFO - Setting next_dagrun for main to 2025-08-12 00:00:00+00:00, run_after=2025-08-13 00:00:00+00:00
[2025-08-12T20:23:48.194+0000] {processor.py:183} INFO - Processing /opt/airflow/dags/main.py took 0.086 seconds
[2025-08-12T20:24:18.398+0000] {processor.py:161} INFO - Started process (PID=73) to work on /opt/airflow/dags/main.py
[2025-08-12T20:24:18.399+0000] {processor.py:830} INFO - Processing file /opt/airflow/dags/main.py for tasks to queue
[2025-08-12T20:24:18.401+0000] {logging_mixin.py:188} INFO - [2025-08-12T20:24:18.401+0000] {dagbag.py:545} INFO - Filling up the DagBag from /opt/airflow/dags/main.py
[2025-08-12T20:24:18.473+0000] {processor.py:840} INFO - DAG(s) 'main' retrieved from /opt/airflow/dags/main.py
[2025-08-12T20:24:18.486+0000] {logging_mixin.py:188} INFO - [2025-08-12T20:24:18.485+0000] {dag.py:3096} INFO - Sync 1 DAGs
[2025-08-12T20:24:18.494+0000] {logging_mixin.py:188} INFO - [2025-08-12T20:24:18.494+0000] {dag.py:3954} INFO - Setting next_dagrun for main to 2025-08-12 00:00:00+00:00, run_after=2025-08-13 00:00:00+00:00
[2025-08-12T20:24:18.500+0000] {processor.py:183} INFO - Processing /opt/airflow/dags/main.py took 0.109 seconds
[2025-08-12T20:24:48.601+0000] {processor.py:161} INFO - Started process (PID=80) to work on /opt/airflow/dags/main.py
[2025-08-12T20:24:48.602+0000] {processor.py:830} INFO - Processing file /opt/airflow/dags/main.py for tasks to queue
[2025-08-12T20:24:48.604+0000] {logging_mixin.py:188} INFO - [2025-08-12T20:24:48.604+0000] {dagbag.py:545} INFO - Filling up the DagBag from /opt/airflow/dags/main.py
[2025-08-12T20:24:48.668+0000] {processor.py:840} INFO - DAG(s) 'main' retrieved from /opt/airflow/dags/main.py
[2025-08-12T20:24:48.679+0000] {logging_mixin.py:188} INFO - [2025-08-12T20:24:48.679+0000] {dag.py:3096} INFO - Sync 1 DAGs
[2025-08-12T20:24:48.687+0000] {logging_mixin.py:188} INFO - [2025-08-12T20:24:48.687+0000] {dag.py:3954} INFO - Setting next_dagrun for main to 2025-08-12 00:00:00+00:00, run_after=2025-08-13 00:00:00+00:00
[2025-08-12T20:24:48.693+0000] {processor.py:183} INFO - Processing /opt/airflow/dags/main.py took 0.099 seconds
[2025-08-12T20:25:18.878+0000] {processor.py:161} INFO - Started process (PID=87) to work on /opt/airflow/dags/main.py
[2025-08-12T20:25:18.879+0000] {processor.py:830} INFO - Processing file /opt/airflow/dags/main.py for tasks to queue
[2025-08-12T20:25:18.881+0000] {logging_mixin.py:188} INFO - [2025-08-12T20:25:18.881+0000] {dagbag.py:545} INFO - Filling up the DagBag from /opt/airflow/dags/main.py
[2025-08-12T20:25:18.951+0000] {processor.py:840} INFO - DAG(s) 'main' retrieved from /opt/airflow/dags/main.py
[2025-08-12T20:25:18.966+0000] {logging_mixin.py:188} INFO - [2025-08-12T20:25:18.966+0000] {dag.py:3096} INFO - Sync 1 DAGs
[2025-08-12T20:25:18.975+0000] {logging_mixin.py:188} INFO - [2025-08-12T20:25:18.975+0000] {dag.py:3954} INFO - Setting next_dagrun for main to 2025-08-12 00:00:00+00:00, run_after=2025-08-13 00:00:00+00:00
[2025-08-12T20:25:18.981+0000] {processor.py:183} INFO - Processing /opt/airflow/dags/main.py took 0.112 seconds
[2025-08-12T20:25:49.089+0000] {processor.py:161} INFO - Started process (PID=95) to work on /opt/airflow/dags/main.py
[2025-08-12T20:25:49.090+0000] {processor.py:830} INFO - Processing file /opt/airflow/dags/main.py for tasks to queue
[2025-08-12T20:25:49.092+0000] {logging_mixin.py:188} INFO - [2025-08-12T20:25:49.092+0000] {dagbag.py:545} INFO - Filling up the DagBag from /opt/airflow/dags/main.py
[2025-08-12T20:25:49.159+0000] {processor.py:840} INFO - DAG(s) 'main' retrieved from /opt/airflow/dags/main.py
[2025-08-12T20:25:49.171+0000] {logging_mixin.py:188} INFO - [2025-08-12T20:25:49.171+0000] {dag.py:3096} INFO - Sync 1 DAGs
[2025-08-12T20:25:49.179+0000] {logging_mixin.py:188} INFO - [2025-08-12T20:25:49.179+0000] {dag.py:3954} INFO - Setting next_dagrun for main to 2025-08-12 00:00:00+00:00, run_after=2025-08-13 00:00:00+00:00
[2025-08-12T20:25:49.185+0000] {processor.py:183} INFO - Processing /opt/airflow/dags/main.py took 0.103 seconds
[2025-08-12T20:26:19.371+0000] {processor.py:161} INFO - Started process (PID=102) to work on /opt/airflow/dags/main.py
[2025-08-12T20:26:19.372+0000] {processor.py:830} INFO - Processing file /opt/airflow/dags/main.py for tasks to queue
[2025-08-12T20:26:19.375+0000] {logging_mixin.py:188} INFO - [2025-08-12T20:26:19.374+0000] {dagbag.py:545} INFO - Filling up the DagBag from /opt/airflow/dags/main.py
[2025-08-12T20:26:19.454+0000] {processor.py:840} INFO - DAG(s) 'main' retrieved from /opt/airflow/dags/main.py
[2025-08-12T20:26:19.479+0000] {logging_mixin.py:188} INFO - [2025-08-12T20:26:19.478+0000] {dag.py:3096} INFO - Sync 1 DAGs
[2025-08-12T20:26:19.497+0000] {logging_mixin.py:188} INFO - [2025-08-12T20:26:19.497+0000] {dag.py:3954} INFO - Setting next_dagrun for main to 2025-08-12 00:00:00+00:00, run_after=2025-08-13 00:00:00+00:00
[2025-08-12T20:26:19.504+0000] {processor.py:183} INFO - Processing /opt/airflow/dags/main.py took 0.147 seconds
[2025-08-12T20:26:49.597+0000] {processor.py:161} INFO - Started process (PID=109) to work on /opt/airflow/dags/main.py
[2025-08-12T20:26:49.598+0000] {processor.py:830} INFO - Processing file /opt/airflow/dags/main.py for tasks to queue
[2025-08-12T20:26:49.600+0000] {logging_mixin.py:188} INFO - [2025-08-12T20:26:49.600+0000] {dagbag.py:545} INFO - Filling up the DagBag from /opt/airflow/dags/main.py
[2025-08-12T20:26:49.673+0000] {processor.py:840} INFO - DAG(s) 'main' retrieved from /opt/airflow/dags/main.py
[2025-08-12T20:26:49.685+0000] {logging_mixin.py:188} INFO - [2025-08-12T20:26:49.684+0000] {dag.py:3096} INFO - Sync 1 DAGs
[2025-08-12T20:26:49.693+0000] {logging_mixin.py:188} INFO - [2025-08-12T20:26:49.693+0000] {dag.py:3954} INFO - Setting next_dagrun for main to 2025-08-12 00:00:00+00:00, run_after=2025-08-13 00:00:00+00:00
[2025-08-12T20:26:49.700+0000] {processor.py:183} INFO - Processing /opt/airflow/dags/main.py took 0.111 seconds
[2025-08-12T20:27:19.884+0000] {processor.py:161} INFO - Started process (PID=116) to work on /opt/airflow/dags/main.py
[2025-08-12T20:27:19.885+0000] {processor.py:830} INFO - Processing file /opt/airflow/dags/main.py for tasks to queue
[2025-08-12T20:27:19.887+0000] {logging_mixin.py:188} INFO - [2025-08-12T20:27:19.887+0000] {dagbag.py:545} INFO - Filling up the DagBag from /opt/airflow/dags/main.py
[2025-08-12T20:27:19.954+0000] {processor.py:840} INFO - DAG(s) 'main' retrieved from /opt/airflow/dags/main.py
[2025-08-12T20:27:19.964+0000] {logging_mixin.py:188} INFO - [2025-08-12T20:27:19.964+0000] {dag.py:3096} INFO - Sync 1 DAGs
[2025-08-12T20:27:19.972+0000] {logging_mixin.py:188} INFO - [2025-08-12T20:27:19.972+0000] {dag.py:3954} INFO - Setting next_dagrun for main to 2025-08-12 00:00:00+00:00, run_after=2025-08-13 00:00:00+00:00
[2025-08-12T20:27:19.977+0000] {processor.py:183} INFO - Processing /opt/airflow/dags/main.py took 0.099 seconds
[2025-08-12T20:27:50.087+0000] {processor.py:161} INFO - Started process (PID=123) to work on /opt/airflow/dags/main.py
[2025-08-12T20:27:50.088+0000] {processor.py:830} INFO - Processing file /opt/airflow/dags/main.py for tasks to queue
[2025-08-12T20:27:50.090+0000] {logging_mixin.py:188} INFO - [2025-08-12T20:27:50.090+0000] {dagbag.py:545} INFO - Filling up the DagBag from /opt/airflow/dags/main.py
[2025-08-12T20:27:50.151+0000] {processor.py:840} INFO - DAG(s) 'main' retrieved from /opt/airflow/dags/main.py
[2025-08-12T20:27:50.161+0000] {logging_mixin.py:188} INFO - [2025-08-12T20:27:50.161+0000] {dag.py:3096} INFO - Sync 1 DAGs
[2025-08-12T20:27:50.168+0000] {logging_mixin.py:188} INFO - [2025-08-12T20:27:50.168+0000] {dag.py:3954} INFO - Setting next_dagrun for main to 2025-08-12 00:00:00+00:00, run_after=2025-08-13 00:00:00+00:00
[2025-08-12T20:27:50.173+0000] {processor.py:183} INFO - Processing /opt/airflow/dags/main.py took 0.093 seconds
[2025-08-12T20:28:20.365+0000] {processor.py:161} INFO - Started process (PID=130) to work on /opt/airflow/dags/main.py
[2025-08-12T20:28:20.366+0000] {processor.py:830} INFO - Processing file /opt/airflow/dags/main.py for tasks to queue
[2025-08-12T20:28:20.370+0000] {logging_mixin.py:188} INFO - [2025-08-12T20:28:20.369+0000] {dagbag.py:545} INFO - Filling up the DagBag from /opt/airflow/dags/main.py
[2025-08-12T20:28:20.447+0000] {processor.py:840} INFO - DAG(s) 'main' retrieved from /opt/airflow/dags/main.py
[2025-08-12T20:28:20.460+0000] {logging_mixin.py:188} INFO - [2025-08-12T20:28:20.460+0000] {dag.py:3096} INFO - Sync 1 DAGs
[2025-08-12T20:28:20.472+0000] {logging_mixin.py:188} INFO - [2025-08-12T20:28:20.472+0000] {dag.py:3954} INFO - Setting next_dagrun for main to 2025-08-12 00:00:00+00:00, run_after=2025-08-13 00:00:00+00:00
[2025-08-12T20:28:20.478+0000] {processor.py:183} INFO - Processing /opt/airflow/dags/main.py took 0.122 seconds
[2025-08-12T20:28:50.597+0000] {processor.py:161} INFO - Started process (PID=137) to work on /opt/airflow/dags/main.py
[2025-08-12T20:28:50.597+0000] {processor.py:830} INFO - Processing file /opt/airflow/dags/main.py for tasks to queue
[2025-08-12T20:28:50.600+0000] {logging_mixin.py:188} INFO - [2025-08-12T20:28:50.599+0000] {dagbag.py:545} INFO - Filling up the DagBag from /opt/airflow/dags/main.py
[2025-08-12T20:28:50.681+0000] {processor.py:840} INFO - DAG(s) 'main' retrieved from /opt/airflow/dags/main.py
[2025-08-12T20:28:50.698+0000] {logging_mixin.py:188} INFO - [2025-08-12T20:28:50.698+0000] {dag.py:3096} INFO - Sync 1 DAGs
[2025-08-12T20:28:50.708+0000] {logging_mixin.py:188} INFO - [2025-08-12T20:28:50.708+0000] {dag.py:3954} INFO - Setting next_dagrun for main to 2025-08-12 00:00:00+00:00, run_after=2025-08-13 00:00:00+00:00
[2025-08-12T20:28:50.717+0000] {processor.py:183} INFO - Processing /opt/airflow/dags/main.py took 0.129 seconds
[2025-08-12T20:29:20.859+0000] {processor.py:161} INFO - Started process (PID=144) to work on /opt/airflow/dags/main.py
[2025-08-12T20:29:20.860+0000] {processor.py:830} INFO - Processing file /opt/airflow/dags/main.py for tasks to queue
[2025-08-12T20:29:20.862+0000] {logging_mixin.py:188} INFO - [2025-08-12T20:29:20.862+0000] {dagbag.py:545} INFO - Filling up the DagBag from /opt/airflow/dags/main.py
[2025-08-12T20:29:20.925+0000] {processor.py:840} INFO - DAG(s) 'main' retrieved from /opt/airflow/dags/main.py
[2025-08-12T20:29:20.934+0000] {logging_mixin.py:188} INFO - [2025-08-12T20:29:20.934+0000] {dag.py:3096} INFO - Sync 1 DAGs
[2025-08-12T20:29:20.942+0000] {logging_mixin.py:188} INFO - [2025-08-12T20:29:20.942+0000] {dag.py:3954} INFO - Setting next_dagrun for main to 2025-08-12 00:00:00+00:00, run_after=2025-08-13 00:00:00+00:00
[2025-08-12T20:29:20.947+0000] {processor.py:183} INFO - Processing /opt/airflow/dags/main.py took 0.093 seconds
[2025-08-12T20:29:51.063+0000] {processor.py:161} INFO - Started process (PID=151) to work on /opt/airflow/dags/main.py
[2025-08-12T20:29:51.064+0000] {processor.py:830} INFO - Processing file /opt/airflow/dags/main.py for tasks to queue
[2025-08-12T20:29:51.066+0000] {logging_mixin.py:188} INFO - [2025-08-12T20:29:51.065+0000] {dagbag.py:545} INFO - Filling up the DagBag from /opt/airflow/dags/main.py
[2025-08-12T20:29:51.131+0000] {processor.py:840} INFO - DAG(s) 'main' retrieved from /opt/airflow/dags/main.py
[2025-08-12T20:29:51.141+0000] {logging_mixin.py:188} INFO - [2025-08-12T20:29:51.141+0000] {dag.py:3096} INFO - Sync 1 DAGs
[2025-08-12T20:29:51.149+0000] {logging_mixin.py:188} INFO - [2025-08-12T20:29:51.149+0000] {dag.py:3954} INFO - Setting next_dagrun for main to 2025-08-12 00:00:00+00:00, run_after=2025-08-13 00:00:00+00:00
[2025-08-12T20:29:51.154+0000] {processor.py:183} INFO - Processing /opt/airflow/dags/main.py took 0.098 seconds
[2025-08-12T20:30:21.340+0000] {processor.py:161} INFO - Started process (PID=158) to work on /opt/airflow/dags/main.py
[2025-08-12T20:30:21.341+0000] {processor.py:830} INFO - Processing file /opt/airflow/dags/main.py for tasks to queue
[2025-08-12T20:30:21.344+0000] {logging_mixin.py:188} INFO - [2025-08-12T20:30:21.344+0000] {dagbag.py:545} INFO - Filling up the DagBag from /opt/airflow/dags/main.py
[2025-08-12T20:30:21.416+0000] {processor.py:840} INFO - DAG(s) 'main' retrieved from /opt/airflow/dags/main.py
[2025-08-12T20:30:21.427+0000] {logging_mixin.py:188} INFO - [2025-08-12T20:30:21.427+0000] {dag.py:3096} INFO - Sync 1 DAGs
[2025-08-12T20:30:21.439+0000] {logging_mixin.py:188} INFO - [2025-08-12T20:30:21.438+0000] {dag.py:3954} INFO - Setting next_dagrun for main to 2025-08-12 00:00:00+00:00, run_after=2025-08-13 00:00:00+00:00
[2025-08-12T20:30:21.445+0000] {processor.py:183} INFO - Processing /opt/airflow/dags/main.py took 0.113 seconds
[2025-08-12T20:30:51.550+0000] {processor.py:161} INFO - Started process (PID=165) to work on /opt/airflow/dags/main.py
[2025-08-12T20:30:51.551+0000] {processor.py:830} INFO - Processing file /opt/airflow/dags/main.py for tasks to queue
[2025-08-12T20:30:51.553+0000] {logging_mixin.py:188} INFO - [2025-08-12T20:30:51.553+0000] {dagbag.py:545} INFO - Filling up the DagBag from /opt/airflow/dags/main.py
[2025-08-12T20:30:51.617+0000] {processor.py:840} INFO - DAG(s) 'main' retrieved from /opt/airflow/dags/main.py
[2025-08-12T20:30:51.628+0000] {logging_mixin.py:188} INFO - [2025-08-12T20:30:51.628+0000] {dag.py:3096} INFO - Sync 1 DAGs
[2025-08-12T20:30:51.636+0000] {logging_mixin.py:188} INFO - [2025-08-12T20:30:51.636+0000] {dag.py:3954} INFO - Setting next_dagrun for main to 2025-08-12 00:00:00+00:00, run_after=2025-08-13 00:00:00+00:00
[2025-08-12T20:30:51.641+0000] {processor.py:183} INFO - Processing /opt/airflow/dags/main.py took 0.098 seconds
[2025-08-12T20:31:21.847+0000] {processor.py:161} INFO - Started process (PID=172) to work on /opt/airflow/dags/main.py
[2025-08-12T20:31:21.847+0000] {processor.py:830} INFO - Processing file /opt/airflow/dags/main.py for tasks to queue
[2025-08-12T20:31:21.850+0000] {logging_mixin.py:188} INFO - [2025-08-12T20:31:21.850+0000] {dagbag.py:545} INFO - Filling up the DagBag from /opt/airflow/dags/main.py
[2025-08-12T20:31:21.924+0000] {processor.py:840} INFO - DAG(s) 'main' retrieved from /opt/airflow/dags/main.py
[2025-08-12T20:31:21.939+0000] {logging_mixin.py:188} INFO - [2025-08-12T20:31:21.938+0000] {dag.py:3096} INFO - Sync 1 DAGs
[2025-08-12T20:31:21.951+0000] {logging_mixin.py:188} INFO - [2025-08-12T20:31:21.951+0000] {dag.py:3954} INFO - Setting next_dagrun for main to 2025-08-12 00:00:00+00:00, run_after=2025-08-13 00:00:00+00:00
[2025-08-12T20:31:21.958+0000] {processor.py:183} INFO - Processing /opt/airflow/dags/main.py took 0.118 seconds
[2025-08-12T20:31:52.082+0000] {processor.py:161} INFO - Started process (PID=179) to work on /opt/airflow/dags/main.py
[2025-08-12T20:31:52.082+0000] {processor.py:830} INFO - Processing file /opt/airflow/dags/main.py for tasks to queue
[2025-08-12T20:31:52.084+0000] {logging_mixin.py:188} INFO - [2025-08-12T20:31:52.084+0000] {dagbag.py:545} INFO - Filling up the DagBag from /opt/airflow/dags/main.py
[2025-08-12T20:31:52.150+0000] {processor.py:840} INFO - DAG(s) 'main' retrieved from /opt/airflow/dags/main.py
[2025-08-12T20:31:52.160+0000] {logging_mixin.py:188} INFO - [2025-08-12T20:31:52.160+0000] {dag.py:3096} INFO - Sync 1 DAGs
[2025-08-12T20:31:52.167+0000] {logging_mixin.py:188} INFO - [2025-08-12T20:31:52.167+0000] {dag.py:3954} INFO - Setting next_dagrun for main to 2025-08-12 00:00:00+00:00, run_after=2025-08-13 00:00:00+00:00
[2025-08-12T20:31:52.172+0000] {processor.py:183} INFO - Processing /opt/airflow/dags/main.py took 0.097 seconds
[2025-08-12T20:32:22.333+0000] {processor.py:161} INFO - Started process (PID=186) to work on /opt/airflow/dags/main.py
[2025-08-12T20:32:22.336+0000] {processor.py:830} INFO - Processing file /opt/airflow/dags/main.py for tasks to queue
[2025-08-12T20:32:22.341+0000] {logging_mixin.py:188} INFO - [2025-08-12T20:32:22.341+0000] {dagbag.py:545} INFO - Filling up the DagBag from /opt/airflow/dags/main.py
[2025-08-12T20:32:22.418+0000] {processor.py:840} INFO - DAG(s) 'main' retrieved from /opt/airflow/dags/main.py
[2025-08-12T20:32:22.439+0000] {logging_mixin.py:188} INFO - [2025-08-12T20:32:22.439+0000] {dag.py:3096} INFO - Sync 1 DAGs
[2025-08-12T20:32:22.449+0000] {logging_mixin.py:188} INFO - [2025-08-12T20:32:22.449+0000] {dag.py:3954} INFO - Setting next_dagrun for main to 2025-08-12 00:00:00+00:00, run_after=2025-08-13 00:00:00+00:00
[2025-08-12T20:32:22.456+0000] {processor.py:183} INFO - Processing /opt/airflow/dags/main.py took 0.142 seconds
[2025-08-12T20:32:52.501+0000] {processor.py:161} INFO - Started process (PID=193) to work on /opt/airflow/dags/main.py
[2025-08-12T20:32:52.502+0000] {processor.py:830} INFO - Processing file /opt/airflow/dags/main.py for tasks to queue
[2025-08-12T20:32:52.504+0000] {logging_mixin.py:188} INFO - [2025-08-12T20:32:52.504+0000] {dagbag.py:545} INFO - Filling up the DagBag from /opt/airflow/dags/main.py
[2025-08-12T20:32:52.582+0000] {processor.py:840} INFO - DAG(s) 'main' retrieved from /opt/airflow/dags/main.py
[2025-08-12T20:32:52.598+0000] {logging_mixin.py:188} INFO - [2025-08-12T20:32:52.598+0000] {dag.py:3096} INFO - Sync 1 DAGs
[2025-08-12T20:32:52.607+0000] {logging_mixin.py:188} INFO - [2025-08-12T20:32:52.607+0000] {dag.py:3954} INFO - Setting next_dagrun for main to 2025-08-12 00:00:00+00:00, run_after=2025-08-13 00:00:00+00:00
[2025-08-12T20:32:52.614+0000] {processor.py:183} INFO - Processing /opt/airflow/dags/main.py took 0.119 seconds
[2025-08-12T20:33:22.864+0000] {processor.py:161} INFO - Started process (PID=200) to work on /opt/airflow/dags/main.py
[2025-08-12T20:33:22.865+0000] {processor.py:830} INFO - Processing file /opt/airflow/dags/main.py for tasks to queue
[2025-08-12T20:33:22.868+0000] {logging_mixin.py:188} INFO - [2025-08-12T20:33:22.867+0000] {dagbag.py:545} INFO - Filling up the DagBag from /opt/airflow/dags/main.py
[2025-08-12T20:33:22.938+0000] {processor.py:840} INFO - DAG(s) 'main' retrieved from /opt/airflow/dags/main.py
[2025-08-12T20:33:22.950+0000] {logging_mixin.py:188} INFO - [2025-08-12T20:33:22.949+0000] {dag.py:3096} INFO - Sync 1 DAGs
[2025-08-12T20:33:22.961+0000] {logging_mixin.py:188} INFO - [2025-08-12T20:33:22.961+0000] {dag.py:3954} INFO - Setting next_dagrun for main to 2025-08-12 00:00:00+00:00, run_after=2025-08-13 00:00:00+00:00
[2025-08-12T20:33:22.967+0000] {processor.py:183} INFO - Processing /opt/airflow/dags/main.py took 0.110 seconds
[2025-08-12T20:33:53.066+0000] {processor.py:161} INFO - Started process (PID=207) to work on /opt/airflow/dags/main.py
[2025-08-12T20:33:53.067+0000] {processor.py:830} INFO - Processing file /opt/airflow/dags/main.py for tasks to queue
[2025-08-12T20:33:53.068+0000] {logging_mixin.py:188} INFO - [2025-08-12T20:33:53.068+0000] {dagbag.py:545} INFO - Filling up the DagBag from /opt/airflow/dags/main.py
[2025-08-12T20:33:53.138+0000] {processor.py:840} INFO - DAG(s) 'main' retrieved from /opt/airflow/dags/main.py
[2025-08-12T20:33:53.149+0000] {logging_mixin.py:188} INFO - [2025-08-12T20:33:53.149+0000] {dag.py:3096} INFO - Sync 1 DAGs
[2025-08-12T20:33:53.159+0000] {logging_mixin.py:188} INFO - [2025-08-12T20:33:53.159+0000] {dag.py:3954} INFO - Setting next_dagrun for main to 2025-08-12 00:00:00+00:00, run_after=2025-08-13 00:00:00+00:00
[2025-08-12T20:33:53.165+0000] {processor.py:183} INFO - Processing /opt/airflow/dags/main.py took 0.105 seconds
[2025-08-12T20:34:23.340+0000] {processor.py:161} INFO - Started process (PID=214) to work on /opt/airflow/dags/main.py
[2025-08-12T20:34:23.340+0000] {processor.py:830} INFO - Processing file /opt/airflow/dags/main.py for tasks to queue
[2025-08-12T20:34:23.344+0000] {logging_mixin.py:188} INFO - [2025-08-12T20:34:23.344+0000] {dagbag.py:545} INFO - Filling up the DagBag from /opt/airflow/dags/main.py
[2025-08-12T20:34:23.432+0000] {processor.py:840} INFO - DAG(s) 'main' retrieved from /opt/airflow/dags/main.py
[2025-08-12T20:34:23.443+0000] {logging_mixin.py:188} INFO - [2025-08-12T20:34:23.443+0000] {dag.py:3096} INFO - Sync 1 DAGs
[2025-08-12T20:34:23.451+0000] {logging_mixin.py:188} INFO - [2025-08-12T20:34:23.451+0000] {dag.py:3954} INFO - Setting next_dagrun for main to 2025-08-12 00:00:00+00:00, run_after=2025-08-13 00:00:00+00:00
[2025-08-12T20:34:23.456+0000] {processor.py:183} INFO - Processing /opt/airflow/dags/main.py took 0.124 seconds
[2025-08-12T20:34:53.523+0000] {processor.py:161} INFO - Started process (PID=227) to work on /opt/airflow/dags/main.py
[2025-08-12T20:34:53.524+0000] {processor.py:830} INFO - Processing file /opt/airflow/dags/main.py for tasks to queue
[2025-08-12T20:34:53.525+0000] {logging_mixin.py:188} INFO - [2025-08-12T20:34:53.525+0000] {dagbag.py:545} INFO - Filling up the DagBag from /opt/airflow/dags/main.py
[2025-08-12T20:34:53.581+0000] {processor.py:840} INFO - DAG(s) 'main' retrieved from /opt/airflow/dags/main.py
[2025-08-12T20:34:53.591+0000] {logging_mixin.py:188} INFO - [2025-08-12T20:34:53.591+0000] {dag.py:3096} INFO - Sync 1 DAGs
[2025-08-12T20:34:53.598+0000] {logging_mixin.py:188} INFO - [2025-08-12T20:34:53.598+0000] {dag.py:3954} INFO - Setting next_dagrun for main to 2025-08-12 00:00:00+00:00, run_after=2025-08-13 00:00:00+00:00
[2025-08-12T20:34:53.604+0000] {processor.py:183} INFO - Processing /opt/airflow/dags/main.py took 0.084 seconds
[2025-08-12T20:35:23.705+0000] {processor.py:161} INFO - Started process (PID=234) to work on /opt/airflow/dags/main.py
[2025-08-12T20:35:23.706+0000] {processor.py:830} INFO - Processing file /opt/airflow/dags/main.py for tasks to queue
[2025-08-12T20:35:23.708+0000] {logging_mixin.py:188} INFO - [2025-08-12T20:35:23.708+0000] {dagbag.py:545} INFO - Filling up the DagBag from /opt/airflow/dags/main.py
[2025-08-12T20:35:23.790+0000] {processor.py:840} INFO - DAG(s) 'main' retrieved from /opt/airflow/dags/main.py
[2025-08-12T20:35:23.802+0000] {logging_mixin.py:188} INFO - [2025-08-12T20:35:23.802+0000] {dag.py:3096} INFO - Sync 1 DAGs
[2025-08-12T20:35:23.812+0000] {logging_mixin.py:188} INFO - [2025-08-12T20:35:23.812+0000] {dag.py:3954} INFO - Setting next_dagrun for main to 2025-08-12 00:00:00+00:00, run_after=2025-08-13 00:00:00+00:00
[2025-08-12T20:35:23.819+0000] {processor.py:183} INFO - Processing /opt/airflow/dags/main.py took 0.120 seconds
[2025-08-12T20:35:53.955+0000] {processor.py:161} INFO - Started process (PID=241) to work on /opt/airflow/dags/main.py
[2025-08-12T20:35:53.956+0000] {processor.py:830} INFO - Processing file /opt/airflow/dags/main.py for tasks to queue
[2025-08-12T20:35:53.958+0000] {logging_mixin.py:188} INFO - [2025-08-12T20:35:53.958+0000] {dagbag.py:545} INFO - Filling up the DagBag from /opt/airflow/dags/main.py
[2025-08-12T20:35:54.023+0000] {processor.py:840} INFO - DAG(s) 'main' retrieved from /opt/airflow/dags/main.py
[2025-08-12T20:35:54.033+0000] {logging_mixin.py:188} INFO - [2025-08-12T20:35:54.033+0000] {dag.py:3096} INFO - Sync 1 DAGs
[2025-08-12T20:35:54.040+0000] {logging_mixin.py:188} INFO - [2025-08-12T20:35:54.040+0000] {dag.py:3954} INFO - Setting next_dagrun for main to 2025-08-12 00:00:00+00:00, run_after=2025-08-13 00:00:00+00:00
[2025-08-12T20:35:54.046+0000] {processor.py:183} INFO - Processing /opt/airflow/dags/main.py took 0.097 seconds
[2025-08-12T20:36:24.205+0000] {processor.py:161} INFO - Started process (PID=248) to work on /opt/airflow/dags/main.py
[2025-08-12T20:36:24.206+0000] {processor.py:830} INFO - Processing file /opt/airflow/dags/main.py for tasks to queue
[2025-08-12T20:36:24.214+0000] {logging_mixin.py:188} INFO - [2025-08-12T20:36:24.213+0000] {dagbag.py:545} INFO - Filling up the DagBag from /opt/airflow/dags/main.py
[2025-08-12T20:36:24.293+0000] {processor.py:840} INFO - DAG(s) 'main' retrieved from /opt/airflow/dags/main.py
[2025-08-12T20:36:24.308+0000] {logging_mixin.py:188} INFO - [2025-08-12T20:36:24.308+0000] {dag.py:3096} INFO - Sync 1 DAGs
[2025-08-12T20:36:24.316+0000] {logging_mixin.py:188} INFO - [2025-08-12T20:36:24.316+0000] {dag.py:3954} INFO - Setting next_dagrun for main to 2025-08-12 00:00:00+00:00, run_after=2025-08-13 00:00:00+00:00
[2025-08-12T20:36:24.321+0000] {processor.py:183} INFO - Processing /opt/airflow/dags/main.py took 0.123 seconds
