[2025-08-12T20:22:52.586+0000] {local_task_job_runner.py:120} INFO - ::group::Pre task execution logs
[2025-08-12T20:22:52.594+0000] {taskinstance.py:2076} INFO - Dependencies all met for dep_context=non-requeueable deps ti=<TaskInstance: main.run_pyspark_task scheduled__2025-08-11T00:00:00+00:00 [queued]>
[2025-08-12T20:22:52.597+0000] {taskinstance.py:2076} INFO - Dependencies all met for dep_context=requeueable deps ti=<TaskInstance: main.run_pyspark_task scheduled__2025-08-11T00:00:00+00:00 [queued]>
[2025-08-12T20:22:52.597+0000] {taskinstance.py:2306} INFO - Starting attempt 1 of 1
[2025-08-12T20:22:52.602+0000] {taskinstance.py:2330} INFO - Executing <Task(PythonOperator): run_pyspark_task> on 2025-08-11 00:00:00+00:00
[2025-08-12T20:22:52.604+0000] {warnings.py:112} WARNING - /home/***/.local/lib/python3.12/site-packages/***/task/task_runner/standard_task_runner.py:61: DeprecationWarning: This process (pid=72) is multi-threaded, use of fork() may lead to deadlocks in the child.
  pid = os.fork()

[2025-08-12T20:22:52.605+0000] {standard_task_runner.py:63} INFO - Started process 73 to run task
[2025-08-12T20:22:52.605+0000] {standard_task_runner.py:90} INFO - Running: ['***', 'tasks', 'run', 'main', 'run_pyspark_task', 'scheduled__2025-08-11T00:00:00+00:00', '--job-id', '3', '--raw', '--subdir', 'DAGS_FOLDER/main.py', '--cfg-path', '/tmp/tmpd8ckyu59']
[2025-08-12T20:22:52.607+0000] {standard_task_runner.py:91} INFO - Job 3: Subtask run_pyspark_task
[2025-08-12T20:22:52.626+0000] {task_command.py:426} INFO - Running <TaskInstance: main.run_pyspark_task scheduled__2025-08-11T00:00:00+00:00 [running]> on host 1ed929767bb5
[2025-08-12T20:22:52.651+0000] {taskinstance.py:2648} INFO - Exporting env vars: AIRFLOW_CTX_DAG_OWNER='***' AIRFLOW_CTX_DAG_ID='main' AIRFLOW_CTX_TASK_ID='run_pyspark_task' AIRFLOW_CTX_EXECUTION_DATE='2025-08-11T00:00:00+00:00' AIRFLOW_CTX_TRY_NUMBER='1' AIRFLOW_CTX_DAG_RUN_ID='scheduled__2025-08-11T00:00:00+00:00'
[2025-08-12T20:22:52.652+0000] {taskinstance.py:430} INFO - ::endgroup::
[2025-08-12T20:22:57.221+0000] {logging_mixin.py:188} INFO - +-------+---+
|   name| id|
+-------+---+
|  Alice|  1|
|    Bob|  2|
|Charlie|  3|
+-------+---+
[2025-08-12T20:22:58.193+0000] {python.py:237} INFO - Done. Returned value was: None
[2025-08-12T20:22:58.194+0000] {taskinstance.py:441} INFO - ::group::Post task execution logs
[2025-08-12T20:22:58.199+0000] {taskinstance.py:1206} INFO - Marking task as SUCCESS. dag_id=main, task_id=run_pyspark_task, run_id=scheduled__2025-08-11T00:00:00+00:00, execution_date=20250811T000000, start_date=20250812T202252, end_date=20250812T202258
[2025-08-12T20:22:58.241+0000] {local_task_job_runner.py:240} INFO - Task exited with return code 0
[2025-08-12T20:22:58.250+0000] {taskinstance.py:3503} INFO - 0 downstream tasks scheduled from follow-on schedule check
[2025-08-12T20:22:58.251+0000] {local_task_job_runner.py:222} INFO - ::endgroup::
